{"/home/travis/build/npmtest/node-npmtest-sylvester/test.js":{"path":"/home/travis/build/npmtest/node-npmtest-sylvester/test.js","s":{"1":2,"2":2,"3":2,"4":2,"5":2,"6":2,"7":2,"8":1,"9":2,"10":2,"11":1,"12":1,"13":1,"14":1,"15":2,"16":2,"17":2,"18":2,"19":1,"20":1,"21":2,"22":2,"23":2,"24":1,"25":1,"26":1,"27":1,"28":1,"29":1,"30":1,"31":1,"32":1,"33":1,"34":1,"35":1,"36":1,"37":1,"38":1,"39":2,"40":2,"41":1,"42":2,"43":2,"44":1,"45":2,"46":2,"47":1,"48":2,"49":2,"50":1,"51":1,"52":1,"53":1,"54":1},"b":{"1":[2,1,1,1],"2":[1,1,1,1],"3":[1,1],"4":[1,1],"5":[1,1],"6":[1,1],"7":[1,1],"8":[1,1],"9":[1,1],"10":[1,1,1],"11":[1,1],"12":[1,1],"13":[1,1],"14":[1,1],"15":[1,1],"16":[1,1],"17":[1,1]},"f":{"1":2,"2":2,"3":2,"4":2,"5":2,"6":1,"7":1,"8":1,"9":2,"10":2,"11":2,"12":2,"13":1},"fnMap":{"1":{"name":"(anonymous_1)","line":12,"loc":{"start":{"line":12,"column":1},"end":{"line":12,"column":13}}},"2":{"name":"(anonymous_2)","line":19,"loc":{"start":{"line":19,"column":5},"end":{"line":19,"column":17}}},"3":{"name":"(anonymous_3)","line":23,"loc":{"start":{"line":23,"column":24},"end":{"line":23,"column":36}}},"4":{"name":"(anonymous_4)","line":61,"loc":{"start":{"line":61,"column":5},"end":{"line":61,"column":17}}},"5":{"name":"(anonymous_5)","line":82,"loc":{"start":{"line":82,"column":5},"end":{"line":82,"column":17}}},"6":{"name":"(anonymous_6)","line":91,"loc":{"start":{"line":91,"column":77},"end":{"line":94,"column":10}}},"7":{"name":"(anonymous_7)","line":112,"loc":{"start":{"line":112,"column":83},"end":{"line":115,"column":10}},"skip":true},"8":{"name":"(anonymous_8)","line":123,"loc":{"start":{"line":123,"column":77},"end":{"line":126,"column":10}},"skip":true},"9":{"name":"(anonymous_9)","line":139,"loc":{"start":{"line":139,"column":12},"end":{"line":139,"column":40}},"skip":true},"10":{"name":"(anonymous_10)","line":147,"loc":{"start":{"line":147,"column":77},"end":{"line":150,"column":10}},"skip":true},"11":{"name":"(anonymous_11)","line":158,"loc":{"start":{"line":158,"column":83},"end":{"line":161,"column":10}},"skip":true},"12":{"name":"(anonymous_12)","line":169,"loc":{"start":{"line":169,"column":79},"end":{"line":172,"column":10}},"skip":true},"13":{"name":"(anonymous_13)","line":180,"loc":{"start":{"line":180,"column":75},"end":{"line":183,"column":10}},"skip":true}},"statementMap":{"1":{"start":{"line":12,"column":0},"end":{"line":195,"column":5}},"2":{"start":{"line":14,"column":4},"end":{"line":14,"column":14}},"3":{"start":{"line":19,"column":4},"end":{"line":56,"column":9}},"4":{"start":{"line":21,"column":8},"end":{"line":21,"column":19}},"5":{"start":{"line":23,"column":8},"end":{"line":35,"column":13}},"6":{"start":{"line":24,"column":12},"end":{"line":34,"column":13}},"7":{"start":{"line":25,"column":16},"end":{"line":28,"column":30}},"8":{"start":{"line":30,"column":16},"end":{"line":33,"column":27}},"9":{"start":{"line":37,"column":8},"end":{"line":39,"column":21}},"10":{"start":{"line":40,"column":8},"end":{"line":53,"column":9}},"11":{"start":{"line":43,"column":12},"end":{"line":46,"column":14}},"12":{"start":{"line":47,"column":12},"end":{"line":47,"column":18}},"13":{"start":{"line":50,"column":12},"end":{"line":51,"column":46}},"14":{"start":{"line":52,"column":12},"end":{"line":52,"column":18}},"15":{"start":{"line":55,"column":8},"end":{"line":55,"column":35}},"16":{"start":{"line":61,"column":4},"end":{"line":63,"column":9}},"17":{"start":{"line":62,"column":8},"end":{"line":62,"column":15}},"18":{"start":{"line":64,"column":4},"end":{"line":77,"column":5}},"19":{"start":{"line":70,"column":8},"end":{"line":70,"column":14}},"20":{"start":{"line":76,"column":8},"end":{"line":76,"column":14}},"21":{"start":{"line":82,"column":4},"end":{"line":84,"column":9}},"22":{"start":{"line":83,"column":8},"end":{"line":83,"column":15}},"23":{"start":{"line":85,"column":4},"end":{"line":194,"column":5}},"24":{"start":{"line":91,"column":8},"end":{"line":99,"column":10}},"25":{"start":{"line":98,"column":12},"end":{"line":98,"column":35}},"26":{"start":{"line":102,"column":8},"end":{"line":104,"column":63}},"27":{"start":{"line":105,"column":8},"end":{"line":105,"column":14}},"28":{"start":{"line":112,"column":8},"end":{"line":121,"column":10},"skip":true},"29":{"start":{"line":119,"column":12},"end":{"line":119,"column":55},"skip":true},"30":{"start":{"line":120,"column":12},"end":{"line":120,"column":48},"skip":true},"31":{"start":{"line":123,"column":8},"end":{"line":136,"column":10},"skip":true},"32":{"start":{"line":130,"column":12},"end":{"line":130,"column":76},"skip":true},"33":{"start":{"line":131,"column":12},"end":{"line":131,"column":73},"skip":true},"34":{"start":{"line":132,"column":12},"end":{"line":132,"column":74},"skip":true},"35":{"start":{"line":133,"column":12},"end":{"line":133,"column":79},"skip":true},"36":{"start":{"line":134,"column":12},"end":{"line":134,"column":25},"skip":true},"37":{"start":{"line":135,"column":12},"end":{"line":135,"column":45},"skip":true},"38":{"start":{"line":138,"column":8},"end":{"line":145,"column":14},"skip":true},"39":{"start":{"line":143,"column":16},"end":{"line":143,"column":29},"skip":true},"40":{"start":{"line":144,"column":16},"end":{"line":144,"column":55},"skip":true},"41":{"start":{"line":147,"column":8},"end":{"line":156,"column":10},"skip":true},"42":{"start":{"line":154,"column":12},"end":{"line":154,"column":25},"skip":true},"43":{"start":{"line":155,"column":12},"end":{"line":155,"column":45},"skip":true},"44":{"start":{"line":158,"column":8},"end":{"line":167,"column":10},"skip":true},"45":{"start":{"line":165,"column":12},"end":{"line":165,"column":25},"skip":true},"46":{"start":{"line":166,"column":12},"end":{"line":166,"column":48},"skip":true},"47":{"start":{"line":169,"column":8},"end":{"line":178,"column":10},"skip":true},"48":{"start":{"line":176,"column":12},"end":{"line":176,"column":25},"skip":true},"49":{"start":{"line":177,"column":12},"end":{"line":177,"column":46},"skip":true},"50":{"start":{"line":180,"column":8},"end":{"line":189,"column":10},"skip":true},"51":{"start":{"line":187,"column":12},"end":{"line":187,"column":94},"skip":true},"52":{"start":{"line":188,"column":12},"end":{"line":188,"column":48},"skip":true},"53":{"start":{"line":192,"column":8},"end":{"line":192,"column":35},"skip":true},"54":{"start":{"line":193,"column":8},"end":{"line":193,"column":14},"skip":true}},"branchMap":{"1":{"line":25,"type":"binary-expr","locations":[{"start":{"line":25,"column":23},"end":{"line":25,"column":62}},{"start":{"line":26,"column":20},"end":{"line":26,"column":70}},{"start":{"line":27,"column":20},"end":{"line":27,"column":71}},{"start":{"line":28,"column":20},"end":{"line":28,"column":29}}]},"2":{"line":30,"type":"binary-expr","locations":[{"start":{"line":30,"column":23},"end":{"line":30,"column":37}},{"start":{"line":31,"column":20},"end":{"line":31,"column":61}},{"start":{"line":32,"column":20},"end":{"line":32,"column":70}},{"start":{"line":33,"column":20},"end":{"line":33,"column":26}}]},"3":{"line":37,"type":"cond-expr","locations":[{"start":{"line":38,"column":14},"end":{"line":38,"column":20}},{"start":{"line":39,"column":14},"end":{"line":39,"column":20}}]},"4":{"line":40,"type":"switch","locations":[{"start":{"line":42,"column":8},"end":{"line":47,"column":18}},{"start":{"line":49,"column":8},"end":{"line":52,"column":18}}]},"5":{"line":44,"type":"binary-expr","locations":[{"start":{"line":44,"column":16},"end":{"line":44,"column":44}},{"start":{"line":44,"column":48},"end":{"line":44,"column":66}}]},"6":{"line":50,"type":"binary-expr","locations":[{"start":{"line":50,"column":21},"end":{"line":50,"column":49}},{"start":{"line":50,"column":53},"end":{"line":50,"column":72}}]},"7":{"line":64,"type":"switch","locations":[{"start":{"line":69,"column":4},"end":{"line":70,"column":14}},{"start":{"line":75,"column":4},"end":{"line":76,"column":14}}]},"8":{"line":85,"type":"switch","locations":[{"start":{"line":90,"column":4},"end":{"line":105,"column":14}},{"start":{"line":111,"column":4},"end":{"line":193,"column":14},"skip":true}]},"9":{"line":91,"type":"binary-expr","locations":[{"start":{"line":91,"column":42},"end":{"line":91,"column":73}},{"start":{"line":91,"column":77},"end":{"line":99,"column":9}}]},"10":{"line":102,"type":"binary-expr","locations":[{"start":{"line":102,"column":18},"end":{"line":102,"column":32}},{"start":{"line":103,"column":12},"end":{"line":103,"column":53}},{"start":{"line":104,"column":12},"end":{"line":104,"column":61}}]},"11":{"line":112,"type":"binary-expr","locations":[{"start":{"line":112,"column":45},"end":{"line":112,"column":79},"skip":true},{"start":{"line":112,"column":83},"end":{"line":121,"column":9},"skip":true}]},"12":{"line":123,"type":"binary-expr","locations":[{"start":{"line":123,"column":42},"end":{"line":123,"column":73},"skip":true},{"start":{"line":123,"column":77},"end":{"line":136,"column":9},"skip":true}]},"13":{"line":138,"type":"binary-expr","locations":[{"start":{"line":138,"column":48},"end":{"line":138,"column":85},"skip":true},{"start":{"line":139,"column":12},"end":{"line":145,"column":13},"skip":true}]},"14":{"line":147,"type":"binary-expr","locations":[{"start":{"line":147,"column":42},"end":{"line":147,"column":73},"skip":true},{"start":{"line":147,"column":77},"end":{"line":156,"column":9},"skip":true}]},"15":{"line":158,"type":"binary-expr","locations":[{"start":{"line":158,"column":45},"end":{"line":158,"column":79},"skip":true},{"start":{"line":158,"column":83},"end":{"line":167,"column":9},"skip":true}]},"16":{"line":169,"type":"binary-expr","locations":[{"start":{"line":169,"column":43},"end":{"line":169,"column":75},"skip":true},{"start":{"line":169,"column":79},"end":{"line":178,"column":9},"skip":true}]},"17":{"line":180,"type":"binary-expr","locations":[{"start":{"line":180,"column":41},"end":{"line":180,"column":71},"skip":true},{"start":{"line":180,"column":75},"end":{"line":189,"column":9},"skip":true}]}},"code":["/* istanbul instrument in package npmtest_sylvester */","/*jslint","    bitwise: true,","    browser: true,","    maxerr: 8,","    maxlen: 96,","    node: true,","    nomen: true,","    regexp: true,","    stupid: true","*/","(function () {","    'use strict';","    var local;","","","","    // run shared js-env code - pre-init","    (function () {","        // init local","        local = {};","        // init modeJs","        local.modeJs = (function () {","            try {","                return typeof navigator.userAgent === 'string' &&","                    typeof document.querySelector('body') === 'object' &&","                    typeof XMLHttpRequest.prototype.open === 'function' &&","                    'browser';","            } catch (errorCaughtBrowser) {","                return module.exports &&","                    typeof process.versions.node === 'string' &&","                    typeof require('http').createServer === 'function' &&","                    'node';","            }","        }());","        // init global","        local.global = local.modeJs === 'browser'","            ? window","            : global;","        switch (local.modeJs) {","        // re-init local from window.local","        case 'browser':","            local = local.global.utility2.objectSetDefault(","                local.global.utility2_rollup || local.global.local,","                local.global.utility2","            );","            break;","        // re-init local from example.js","        case 'node':","            local = (local.global.utility2_rollup || require('utility2'))","                .requireExampleJsFromReadme();","            break;","        }","        // export local","        local.global.local = local;","    }());","","","","    // run shared js-env code - function","    (function () {","        return;","    }());","    switch (local.modeJs) {","","","","    // run browser js-env code - function","    case 'browser':","        break;","","","","    // run node js-env code - function","    case 'node':","        break;","    }","","","","    // run shared js-env code - post-init","    (function () {","        return;","    }());","    switch (local.modeJs) {","","","","    // run browser js-env code - post-init","    case 'browser':","        local.testCase_browser_nullCase = local.testCase_browser_nullCase || function (","            options,","            onError","        ) {","        /*","         * this function will test browsers's null-case handling-behavior-behavior","         */","            onError(null, options);","        };","","        // run tests","        local.nop(local.modeTest &&","            document.querySelector('#testRunButton1') &&","            document.querySelector('#testRunButton1').click());","        break;","","","","    // run node js-env code - post-init","    /* istanbul ignore next */","    case 'node':","        local.testCase_buildApidoc_default = local.testCase_buildApidoc_default || function (","            options,","            onError","        ) {","        /*","         * this function will test buildApidoc's default handling-behavior-behavior","         */","            options = { modulePathList: module.paths };","            local.buildApidoc(options, onError);","        };","","        local.testCase_buildApp_default = local.testCase_buildApp_default || function (","            options,","            onError","        ) {","        /*","         * this function will test buildApp's default handling-behavior-behavior","         */","            local.testCase_buildReadme_default(options, local.onErrorThrow);","            local.testCase_buildLib_default(options, local.onErrorThrow);","            local.testCase_buildTest_default(options, local.onErrorThrow);","            local.testCase_buildCustomOrg_default(options, local.onErrorThrow);","            options = [];","            local.buildApp(options, onError);","        };","","        local.testCase_buildCustomOrg_default = local.testCase_buildCustomOrg_default ||","            function (options, onError) {","            /*","             * this function will test buildCustomOrg's default handling-behavior","             */","                options = {};","                local.buildCustomOrg(options, onError);","            };","","        local.testCase_buildLib_default = local.testCase_buildLib_default || function (","            options,","            onError","        ) {","        /*","         * this function will test buildLib's default handling-behavior","         */","            options = {};","            local.buildLib(options, onError);","        };","","        local.testCase_buildReadme_default = local.testCase_buildReadme_default || function (","            options,","            onError","        ) {","        /*","         * this function will test buildReadme's default handling-behavior-behavior","         */","            options = {};","            local.buildReadme(options, onError);","        };","","        local.testCase_buildTest_default = local.testCase_buildTest_default || function (","            options,","            onError","        ) {","        /*","         * this function will test buildTest's default handling-behavior","         */","            options = {};","            local.buildTest(options, onError);","        };","","        local.testCase_webpage_default = local.testCase_webpage_default || function (","            options,","            onError","        ) {","        /*","         * this function will test webpage's default handling-behavior","         */","            options = { modeCoverageMerge: true, url: local.serverLocalHost + '?modeTest=1' };","            local.browserTest(options, onError);","        };","","        // run test-server","        local.testRunServer(local);","        break;","    }","}());",""],"l":{"12":2,"14":2,"19":2,"21":2,"23":2,"24":2,"25":2,"30":1,"37":2,"40":2,"43":1,"47":1,"50":1,"52":1,"55":2,"61":2,"62":2,"64":2,"70":1,"76":1,"82":2,"83":2,"85":2,"91":1,"98":1,"102":1,"105":1,"112":1,"119":1,"120":1,"123":1,"130":1,"131":1,"132":1,"133":1,"134":1,"135":1,"138":1,"143":2,"144":2,"147":1,"154":2,"155":2,"158":1,"165":2,"166":2,"169":1,"176":2,"177":2,"180":1,"187":1,"188":1,"192":1,"193":1}},"/home/travis/build/npmtest/node-npmtest-sylvester/lib.npmtest_sylvester.js":{"path":"/home/travis/build/npmtest/node-npmtest-sylvester/lib.npmtest_sylvester.js","s":{"1":2,"2":2,"3":2,"4":2,"5":2,"6":2,"7":2,"8":1,"9":2,"10":2,"11":2,"12":2,"13":1,"14":1,"15":1,"16":1},"b":{"1":[2,1,1,1],"2":[1,1,1,1],"3":[1,1],"4":[2,2],"5":[1,1]},"f":{"1":2,"2":2,"3":2},"fnMap":{"1":{"name":"(anonymous_1)","line":12,"loc":{"start":{"line":12,"column":1},"end":{"line":12,"column":13}}},"2":{"name":"(anonymous_2)","line":19,"loc":{"start":{"line":19,"column":5},"end":{"line":19,"column":17}}},"3":{"name":"(anonymous_3)","line":23,"loc":{"start":{"line":23,"column":24},"end":{"line":23,"column":36}}}},"statementMap":{"1":{"start":{"line":12,"column":0},"end":{"line":53,"column":5}},"2":{"start":{"line":14,"column":4},"end":{"line":14,"column":14}},"3":{"start":{"line":19,"column":4},"end":{"line":52,"column":9}},"4":{"start":{"line":21,"column":8},"end":{"line":21,"column":19}},"5":{"start":{"line":23,"column":8},"end":{"line":35,"column":13}},"6":{"start":{"line":24,"column":12},"end":{"line":34,"column":13}},"7":{"start":{"line":25,"column":16},"end":{"line":28,"column":30}},"8":{"start":{"line":30,"column":16},"end":{"line":33,"column":27}},"9":{"start":{"line":37,"column":8},"end":{"line":39,"column":21}},"10":{"start":{"line":41,"column":8},"end":{"line":41,"column":54}},"11":{"start":{"line":43,"column":8},"end":{"line":43,"column":54}},"12":{"start":{"line":45,"column":8},"end":{"line":51,"column":9}},"13":{"start":{"line":46,"column":12},"end":{"line":46,"column":60}},"14":{"start":{"line":48,"column":12},"end":{"line":48,"column":35}},"15":{"start":{"line":49,"column":12},"end":{"line":49,"column":49}},"16":{"start":{"line":50,"column":12},"end":{"line":50,"column":43}}},"branchMap":{"1":{"line":25,"type":"binary-expr","locations":[{"start":{"line":25,"column":23},"end":{"line":25,"column":62}},{"start":{"line":26,"column":20},"end":{"line":26,"column":70}},{"start":{"line":27,"column":20},"end":{"line":27,"column":71}},{"start":{"line":28,"column":20},"end":{"line":28,"column":29}}]},"2":{"line":30,"type":"binary-expr","locations":[{"start":{"line":30,"column":23},"end":{"line":30,"column":37}},{"start":{"line":31,"column":20},"end":{"line":31,"column":61}},{"start":{"line":32,"column":20},"end":{"line":32,"column":70}},{"start":{"line":33,"column":20},"end":{"line":33,"column":26}}]},"3":{"line":37,"type":"cond-expr","locations":[{"start":{"line":38,"column":14},"end":{"line":38,"column":20}},{"start":{"line":39,"column":14},"end":{"line":39,"column":20}}]},"4":{"line":41,"type":"binary-expr","locations":[{"start":{"line":41,"column":16},"end":{"line":41,"column":44}},{"start":{"line":41,"column":48},"end":{"line":41,"column":53}}]},"5":{"line":45,"type":"if","locations":[{"start":{"line":45,"column":8},"end":{"line":45,"column":8}},{"start":{"line":45,"column":8},"end":{"line":45,"column":8}}]}},"code":["/* istanbul instrument in package npmtest_sylvester */","/*jslint","    bitwise: true,","    browser: true,","    maxerr: 8,","    maxlen: 96,","    node: true,","    nomen: true,","    regexp: true,","    stupid: true","*/","(function () {","    'use strict';","    var local;","","","","    // run shared js-env code - pre-init","    (function () {","        // init local","        local = {};","        // init modeJs","        local.modeJs = (function () {","            try {","                return typeof navigator.userAgent === 'string' &&","                    typeof document.querySelector('body') === 'object' &&","                    typeof XMLHttpRequest.prototype.open === 'function' &&","                    'browser';","            } catch (errorCaughtBrowser) {","                return module.exports &&","                    typeof process.versions.node === 'string' &&","                    typeof require('http').createServer === 'function' &&","                    'node';","            }","        }());","        // init global","        local.global = local.modeJs === 'browser'","            ? window","            : global;","        // init utility2_rollup","        local = local.global.utility2_rollup || local;","        // init lib","        local.local = local.npmtest_sylvester = local;","        // init exports","        if (local.modeJs === 'browser') {","            local.global.utility2_npmtest_sylvester = local;","        } else {","            module.exports = local;","            module.exports.__dirname = __dirname;","            module.exports.module = module;","        }","    }());","}());",""],"l":{"12":2,"14":2,"19":2,"21":2,"23":2,"24":2,"25":2,"30":1,"37":2,"41":2,"43":2,"45":2,"46":1,"48":1,"49":1,"50":1}},"/home/travis/build/npmtest/node-npmtest-sylvester/example.js":{"path":"/home/travis/build/npmtest/node-npmtest-sylvester/example.js","s":{"1":2,"2":2,"3":2,"4":2,"5":2,"6":2,"7":2,"8":1,"9":2,"10":2,"11":2,"12":2,"13":1,"14":2,"15":2,"16":2,"17":2,"18":2,"19":0,"20":2,"21":1,"22":1,"23":1,"24":1,"25":1,"26":0,"27":0,"28":1,"29":1,"30":2,"31":0,"32":0,"33":0,"34":1,"35":2,"36":2,"37":3,"38":3,"39":3,"40":3,"41":0,"42":3,"43":3,"44":3,"45":1,"46":3,"47":1,"48":1,"49":1,"50":1,"51":1,"52":1,"53":1,"54":1,"55":1,"56":1,"57":0,"58":1,"59":6,"60":6,"61":1,"62":2,"63":0,"64":2,"65":1,"66":1,"67":0,"68":0,"69":0,"70":0,"71":0,"72":0,"73":0,"74":0,"75":0,"76":0,"77":0,"78":0,"79":0,"80":0,"81":0,"82":0,"83":0},"b":{"1":[2,1,1,1],"2":[1,1,1,1],"3":[1,1],"4":[2,2],"5":[1,1],"6":[1,1],"7":[2,0],"8":[2,1,1,1,1,1],"9":[0,2,0],"10":[1,1],"11":[2,1,1],"12":[1,0],"13":[0,2],"14":[2,0,0,0,0,0,0],"15":[0,3],"16":[3,0],"17":[1,1],"18":[0,1],"19":[1,2,0,2],"20":[1,0],"21":[1,1],"22":[0,0],"23":[0,0],"24":[0,0],"25":[0,0],"26":[0,0],"27":[0,0],"28":[0,0]},"f":{"1":2,"2":2,"3":2,"4":2,"5":2,"6":2,"7":3,"8":3,"9":3,"10":1,"11":6,"12":0},"fnMap":{"1":{"name":"(anonymous_1)","line":26,"loc":{"start":{"line":26,"column":1},"end":{"line":26,"column":13}}},"2":{"name":"(anonymous_2)","line":33,"loc":{"start":{"line":33,"column":5},"end":{"line":33,"column":17}}},"3":{"name":"(anonymous_3)","line":37,"loc":{"start":{"line":37,"column":24},"end":{"line":37,"column":36}}},"4":{"name":"(anonymous_4)","line":69,"loc":{"start":{"line":69,"column":31},"end":{"line":69,"column":48}},"skip":true},"5":{"name":"(anonymous_5)","line":78,"loc":{"start":{"line":78,"column":26},"end":{"line":78,"column":45}},"skip":true},"6":{"name":"(anonymous_6)","line":123,"loc":{"start":{"line":123,"column":33},"end":{"line":123,"column":48}},"skip":true},"7":{"name":"(anonymous_7)","line":125,"loc":{"start":{"line":125,"column":27},"end":{"line":125,"column":39}},"skip":true},"8":{"name":"(anonymous_8)","line":133,"loc":{"start":{"line":133,"column":59},"end":{"line":133,"column":74}},"skip":true},"9":{"name":"(anonymous_9)","line":143,"loc":{"start":{"line":143,"column":45},"end":{"line":143,"column":62}},"skip":true},"10":{"name":"(anonymous_10)","line":144,"loc":{"start":{"line":144,"column":73},"end":{"line":144,"column":92}},"skip":true},"11":{"name":"(anonymous_11)","line":272,"loc":{"start":{"line":272,"column":51},"end":{"line":272,"column":77}},"skip":true},"12":{"name":"(anonymous_12)","line":315,"loc":{"start":{"line":315,"column":32},"end":{"line":315,"column":61}},"skip":true}},"statementMap":{"1":{"start":{"line":26,"column":0},"end":{"line":326,"column":5}},"2":{"start":{"line":28,"column":4},"end":{"line":28,"column":14}},"3":{"start":{"line":33,"column":4},"end":{"line":60,"column":9}},"4":{"start":{"line":35,"column":8},"end":{"line":35,"column":19}},"5":{"start":{"line":37,"column":8},"end":{"line":49,"column":13}},"6":{"start":{"line":38,"column":12},"end":{"line":48,"column":13}},"7":{"start":{"line":39,"column":16},"end":{"line":42,"column":30}},"8":{"start":{"line":44,"column":16},"end":{"line":47,"column":27}},"9":{"start":{"line":51,"column":8},"end":{"line":53,"column":21}},"10":{"start":{"line":55,"column":8},"end":{"line":57,"column":45}},"11":{"start":{"line":59,"column":8},"end":{"line":59,"column":35}},"12":{"start":{"line":61,"column":4},"end":{"line":325,"column":5}},"13":{"start":{"line":69,"column":8},"end":{"line":121,"column":10},"skip":true},"14":{"start":{"line":70,"column":12},"end":{"line":88,"column":13},"skip":true},"15":{"start":{"line":76,"column":16},"end":{"line":87,"column":19},"skip":true},"16":{"start":{"line":79,"column":20},"end":{"line":86,"column":21},"skip":true},"17":{"start":{"line":82,"column":24},"end":{"line":82,"column":43},"skip":true},"18":{"start":{"line":83,"column":24},"end":{"line":83,"column":30},"skip":true},"19":{"start":{"line":85,"column":24},"end":{"line":85,"column":49},"skip":true},"20":{"start":{"line":89,"column":12},"end":{"line":107,"column":13},"skip":true},"21":{"start":{"line":92,"column":16},"end":{"line":102,"column":17},"skip":true},"22":{"start":{"line":93,"column":20},"end":{"line":93,"column":86},"skip":true},"23":{"start":{"line":94,"column":20},"end":{"line":95,"column":45},"skip":true},"24":{"start":{"line":96,"column":20},"end":{"line":96,"column":42},"skip":true},"25":{"start":{"line":97,"column":20},"end":{"line":97,"column":48},"skip":true},"26":{"start":{"line":100,"column":20},"end":{"line":100,"column":85},"skip":true},"27":{"start":{"line":101,"column":20},"end":{"line":101,"column":96},"skip":true},"28":{"start":{"line":103,"column":16},"end":{"line":103,"column":22},"skip":true},"29":{"start":{"line":106,"column":16},"end":{"line":106,"column":22},"skip":true},"30":{"start":{"line":108,"column":12},"end":{"line":120,"column":13},"skip":true},"31":{"start":{"line":114,"column":16},"end":{"line":119,"column":17},"skip":true},"32":{"start":{"line":116,"column":20},"end":{"line":116,"column":78},"skip":true},"33":{"start":{"line":118,"column":20},"end":{"line":118,"column":47},"skip":true},"34":{"start":{"line":123,"column":8},"end":{"line":141,"column":11},"skip":true},"35":{"start":{"line":124,"column":12},"end":{"line":124,"column":54},"skip":true},"36":{"start":{"line":125,"column":12},"end":{"line":140,"column":14},"skip":true},"37":{"start":{"line":126,"column":16},"end":{"line":126,"column":28},"skip":true},"38":{"start":{"line":127,"column":16},"end":{"line":127,"column":69},"skip":true},"39":{"start":{"line":128,"column":16},"end":{"line":128,"column":75},"skip":true},"40":{"start":{"line":129,"column":16},"end":{"line":131,"column":17},"skip":true},"41":{"start":{"line":130,"column":20},"end":{"line":130,"column":27},"skip":true},"42":{"start":{"line":133,"column":16},"end":{"line":137,"column":36},"skip":true},"43":{"start":{"line":134,"column":20},"end":{"line":136,"column":55},"skip":true},"44":{"start":{"line":139,"column":16},"end":{"line":139,"column":57},"skip":true},"45":{"start":{"line":143,"column":8},"end":{"line":147,"column":11},"skip":true},"46":{"start":{"line":144,"column":12},"end":{"line":146,"column":15},"skip":true},"47":{"start":{"line":145,"column":16},"end":{"line":145,"column":70},"skip":true},"48":{"start":{"line":149,"column":8},"end":{"line":149,"column":31},"skip":true},"49":{"start":{"line":150,"column":8},"end":{"line":150,"column":14},"skip":true},"50":{"start":{"line":158,"column":8},"end":{"line":158,"column":31},"skip":true},"51":{"start":{"line":160,"column":8},"end":{"line":160,"column":33},"skip":true},"52":{"start":{"line":161,"column":8},"end":{"line":161,"column":37},"skip":true},"53":{"start":{"line":162,"column":8},"end":{"line":162,"column":35},"skip":true},"54":{"start":{"line":164,"column":8},"end":{"line":164,"column":50},"skip":true},"55":{"start":{"line":166,"column":8},"end":{"line":256,"column":2},"skip":true},"56":{"start":{"line":258,"column":8},"end":{"line":286,"column":9},"skip":true},"57":{"start":{"line":259,"column":12},"end":{"line":269,"column":14},"skip":true},"58":{"start":{"line":271,"column":12},"end":{"line":285,"column":19},"skip":true},"59":{"start":{"line":274,"column":20},"end":{"line":274,"column":35},"skip":true},"60":{"start":{"line":275,"column":20},"end":{"line":284,"column":21},"skip":true},"61":{"start":{"line":277,"column":24},"end":{"line":277,"column":64},"skip":true},"62":{"start":{"line":279,"column":24},"end":{"line":279,"column":40},"skip":true},"63":{"start":{"line":281,"column":24},"end":{"line":281,"column":40},"skip":true},"64":{"start":{"line":283,"column":24},"end":{"line":283,"column":39},"skip":true},"65":{"start":{"line":288,"column":8},"end":{"line":290,"column":9},"skip":true},"66":{"start":{"line":289,"column":12},"end":{"line":289,"column":18},"skip":true},"67":{"start":{"line":291,"column":8},"end":{"line":293,"column":54},"skip":true},"68":{"start":{"line":296,"column":8},"end":{"line":301,"column":37},"skip":true},"69":{"start":{"line":303,"column":8},"end":{"line":303,"column":82},"skip":true},"70":{"start":{"line":306,"column":8},"end":{"line":308,"column":9},"skip":true},"71":{"start":{"line":307,"column":12},"end":{"line":307,"column":82},"skip":true},"72":{"start":{"line":310,"column":8},"end":{"line":312,"column":9},"skip":true},"73":{"start":{"line":311,"column":12},"end":{"line":311,"column":18},"skip":true},"74":{"start":{"line":313,"column":8},"end":{"line":313,"column":54},"skip":true},"75":{"start":{"line":314,"column":8},"end":{"line":314,"column":69},"skip":true},"76":{"start":{"line":315,"column":8},"end":{"line":323,"column":36},"skip":true},"77":{"start":{"line":316,"column":12},"end":{"line":316,"column":61},"skip":true},"78":{"start":{"line":317,"column":12},"end":{"line":320,"column":13},"skip":true},"79":{"start":{"line":318,"column":16},"end":{"line":318,"column":75},"skip":true},"80":{"start":{"line":319,"column":16},"end":{"line":319,"column":23},"skip":true},"81":{"start":{"line":321,"column":12},"end":{"line":321,"column":38},"skip":true},"82":{"start":{"line":322,"column":12},"end":{"line":322,"column":27},"skip":true},"83":{"start":{"line":324,"column":8},"end":{"line":324,"column":14},"skip":true}},"branchMap":{"1":{"line":39,"type":"binary-expr","locations":[{"start":{"line":39,"column":23},"end":{"line":39,"column":62}},{"start":{"line":40,"column":20},"end":{"line":40,"column":70}},{"start":{"line":41,"column":20},"end":{"line":41,"column":71}},{"start":{"line":42,"column":20},"end":{"line":42,"column":29}}]},"2":{"line":44,"type":"binary-expr","locations":[{"start":{"line":44,"column":23},"end":{"line":44,"column":37}},{"start":{"line":45,"column":20},"end":{"line":45,"column":61}},{"start":{"line":46,"column":20},"end":{"line":46,"column":70}},{"start":{"line":47,"column":20},"end":{"line":47,"column":26}}]},"3":{"line":51,"type":"cond-expr","locations":[{"start":{"line":52,"column":14},"end":{"line":52,"column":20}},{"start":{"line":53,"column":14},"end":{"line":53,"column":20}}]},"4":{"line":55,"type":"binary-expr","locations":[{"start":{"line":55,"column":16},"end":{"line":55,"column":44}},{"start":{"line":55,"column":49},"end":{"line":57,"column":43}}]},"5":{"line":55,"type":"cond-expr","locations":[{"start":{"line":56,"column":14},"end":{"line":56,"column":53}},{"start":{"line":57,"column":14},"end":{"line":57,"column":43}}]},"6":{"line":61,"type":"switch","locations":[{"start":{"line":68,"column":4},"end":{"line":150,"column":14},"skip":true},{"start":{"line":156,"column":4},"end":{"line":324,"column":14},"skip":true}]},"7":{"line":70,"type":"if","locations":[{"start":{"line":70,"column":12},"end":{"line":70,"column":12},"skip":true},{"start":{"line":70,"column":12},"end":{"line":70,"column":12},"skip":true}]},"8":{"line":70,"type":"binary-expr","locations":[{"start":{"line":70,"column":16},"end":{"line":70,"column":22},"skip":true},{"start":{"line":70,"column":27},"end":{"line":70,"column":32},"skip":true},{"start":{"line":71,"column":20},"end":{"line":71,"column":39},"skip":true},{"start":{"line":72,"column":20},"end":{"line":72,"column":49},"skip":true},{"start":{"line":73,"column":20},"end":{"line":73,"column":58},"skip":true},{"start":{"line":74,"column":20},"end":{"line":74,"column":69},"skip":true}]},"9":{"line":79,"type":"switch","locations":[{"start":{"line":80,"column":20},"end":{"line":80,"column":33},"skip":true},{"start":{"line":81,"column":20},"end":{"line":83,"column":30},"skip":true},{"start":{"line":84,"column":20},"end":{"line":85,"column":49},"skip":true}]},"10":{"line":89,"type":"switch","locations":[{"start":{"line":90,"column":12},"end":{"line":103,"column":22},"skip":true},{"start":{"line":105,"column":12},"end":{"line":106,"column":22},"skip":true}]},"11":{"line":89,"type":"binary-expr","locations":[{"start":{"line":89,"column":20},"end":{"line":89,"column":25},"skip":true},{"start":{"line":89,"column":29},"end":{"line":89,"column":48},"skip":true},{"start":{"line":89,"column":52},"end":{"line":89,"column":74},"skip":true}]},"12":{"line":92,"type":"if","locations":[{"start":{"line":92,"column":16},"end":{"line":92,"column":16},"skip":true},{"start":{"line":92,"column":16},"end":{"line":92,"column":16},"skip":true}]},"13":{"line":108,"type":"if","locations":[{"start":{"line":108,"column":12},"end":{"line":108,"column":12},"skip":true},{"start":{"line":108,"column":12},"end":{"line":108,"column":12},"skip":true}]},"14":{"line":108,"type":"binary-expr","locations":[{"start":{"line":108,"column":16},"end":{"line":108,"column":61},"skip":true},{"start":{"line":108,"column":66},"end":{"line":108,"column":72},"skip":true},{"start":{"line":108,"column":77},"end":{"line":108,"column":82},"skip":true},{"start":{"line":109,"column":20},"end":{"line":109,"column":39},"skip":true},{"start":{"line":110,"column":20},"end":{"line":110,"column":49},"skip":true},{"start":{"line":111,"column":20},"end":{"line":111,"column":58},"skip":true},{"start":{"line":112,"column":20},"end":{"line":112,"column":68},"skip":true}]},"15":{"line":129,"type":"if","locations":[{"start":{"line":129,"column":16},"end":{"line":129,"column":16},"skip":true},{"start":{"line":129,"column":16},"end":{"line":129,"column":16},"skip":true}]},"16":{"line":134,"type":"cond-expr","locations":[{"start":{"line":135,"column":26},"end":{"line":135,"column":29},"skip":true},{"start":{"line":136,"column":26},"end":{"line":136,"column":54},"skip":true}]},"17":{"line":164,"type":"binary-expr","locations":[{"start":{"line":164,"column":27},"end":{"line":164,"column":43},"skip":true},{"start":{"line":164,"column":47},"end":{"line":164,"column":49},"skip":true}]},"18":{"line":258,"type":"if","locations":[{"start":{"line":258,"column":8},"end":{"line":258,"column":8},"skip":true},{"start":{"line":258,"column":8},"end":{"line":258,"column":8},"skip":true}]},"19":{"line":275,"type":"switch","locations":[{"start":{"line":276,"column":20},"end":{"line":277,"column":64},"skip":true},{"start":{"line":278,"column":20},"end":{"line":279,"column":40},"skip":true},{"start":{"line":280,"column":20},"end":{"line":281,"column":40},"skip":true},{"start":{"line":282,"column":20},"end":{"line":283,"column":39},"skip":true}]},"20":{"line":288,"type":"if","locations":[{"start":{"line":288,"column":8},"end":{"line":288,"column":8},"skip":true},{"start":{"line":288,"column":8},"end":{"line":288,"column":8},"skip":true}]},"21":{"line":288,"type":"binary-expr","locations":[{"start":{"line":288,"column":12},"end":{"line":288,"column":40},"skip":true},{"start":{"line":288,"column":44},"end":{"line":288,"column":67},"skip":true}]},"22":{"line":292,"type":"binary-expr","locations":[{"start":{"line":292,"column":12},"end":{"line":292,"column":50},"skip":true},{"start":{"line":293,"column":12},"end":{"line":293,"column":53},"skip":true}]},"23":{"line":297,"type":"binary-expr","locations":[{"start":{"line":297,"column":12},"end":{"line":297,"column":67},"skip":true},{"start":{"line":298,"column":12},"end":{"line":301,"column":36},"skip":true}]},"24":{"line":303,"type":"binary-expr","locations":[{"start":{"line":303,"column":43},"end":{"line":303,"column":75},"skip":true},{"start":{"line":303,"column":79},"end":{"line":303,"column":81},"skip":true}]},"25":{"line":306,"type":"if","locations":[{"start":{"line":306,"column":8},"end":{"line":306,"column":8},"skip":true},{"start":{"line":306,"column":8},"end":{"line":306,"column":8},"skip":true}]},"26":{"line":310,"type":"if","locations":[{"start":{"line":310,"column":8},"end":{"line":310,"column":8},"skip":true},{"start":{"line":310,"column":8},"end":{"line":310,"column":8},"skip":true}]},"27":{"line":313,"type":"binary-expr","locations":[{"start":{"line":313,"column":27},"end":{"line":313,"column":43},"skip":true},{"start":{"line":313,"column":47},"end":{"line":313,"column":53},"skip":true}]},"28":{"line":317,"type":"if","locations":[{"start":{"line":317,"column":12},"end":{"line":317,"column":12},"skip":true},{"start":{"line":317,"column":12},"end":{"line":317,"column":12},"skip":true}]}},"code":["/*","example.js","","quickstart example","","instruction","    1. save this script as example.js","    2. run the shell command:","        $ npm install npmtest-sylvester && PORT=8081 node example.js","    3. play with the browser-demo on http://127.0.0.1:8081","*/","","","","/* istanbul instrument in package npmtest_sylvester */","/*jslint","    bitwise: true,","    browser: true,","    maxerr: 8,","    maxlen: 96,","    node: true,","    nomen: true,","    regexp: true,","    stupid: true","*/","(function () {","    'use strict';","    var local;","","","","    // run shared js-env code - pre-init","    (function () {","        // init local","        local = {};","        // init modeJs","        local.modeJs = (function () {","            try {","                return typeof navigator.userAgent === 'string' &&","                    typeof document.querySelector('body') === 'object' &&","                    typeof XMLHttpRequest.prototype.open === 'function' &&","                    'browser';","            } catch (errorCaughtBrowser) {","                return module.exports &&","                    typeof process.versions.node === 'string' &&","                    typeof require('http').createServer === 'function' &&","                    'node';","            }","        }());","        // init global","        local.global = local.modeJs === 'browser'","            ? window","            : global;","        // init utility2_rollup","        local = local.global.utility2_rollup || (local.modeJs === 'browser'","            ? local.global.utility2_npmtest_sylvester","            : global.utility2_moduleExports);","        // export local","        local.global.local = local;","    }());","    switch (local.modeJs) {","","","","    // post-init","    // run browser js-env code - post-init","    /* istanbul ignore next */","    case 'browser':","        local.testRunBrowser = function (event) {","            if (!event || (event &&","                    event.currentTarget &&","                    event.currentTarget.className &&","                    event.currentTarget.className.includes &&","                    event.currentTarget.className.includes('onreset'))) {","                // reset output","                Array.from(","                    document.querySelectorAll('body > .resettable')","                ).forEach(function (element) {","                    switch (element.tagName) {","                    case 'INPUT':","                    case 'TEXTAREA':","                        element.value = '';","                        break;","                    default:","                        element.textContent = '';","                    }","                });","            }","            switch (event && event.currentTarget && event.currentTarget.id) {","            case 'testRunButton1':","                // show tests","                if (document.querySelector('#testReportDiv1').style.display === 'none') {","                    document.querySelector('#testReportDiv1').style.display = 'block';","                    document.querySelector('#testRunButton1').textContent =","                        'hide internal test';","                    local.modeTest = true;","                    local.testRunDefault(local);","                // hide tests","                } else {","                    document.querySelector('#testReportDiv1').style.display = 'none';","                    document.querySelector('#testRunButton1').textContent = 'run internal test';","                }","                break;","            // custom-case","            default:","                break;","            }","            if (document.querySelector('#inputTextareaEval1') && (!event || (event &&","                    event.currentTarget &&","                    event.currentTarget.className &&","                    event.currentTarget.className.includes &&","                    event.currentTarget.className.includes('oneval')))) {","                // try to eval input-code","                try {","                    /*jslint evil: true*/","                    eval(document.querySelector('#inputTextareaEval1').value);","                } catch (errorCaught) {","                    console.error(errorCaught);","                }","            }","        };","        // log stderr and stdout to #outputTextareaStdout1","        ['error', 'log'].forEach(function (key) {","            console[key + '_original'] = console[key];","            console[key] = function () {","                var element;","                console[key + '_original'].apply(console, arguments);","                element = document.querySelector('#outputTextareaStdout1');","                if (!element) {","                    return;","                }","                // append text to #outputTextareaStdout1","                element.value += Array.from(arguments).map(function (arg) {","                    return typeof arg === 'string'","                        ? arg","                        : JSON.stringify(arg, null, 4);","                }).join(' ') + '\\n';","                // scroll textarea to bottom","                element.scrollTop = element.scrollHeight;","            };","        });","        // init event-handling","        ['change', 'click', 'keyup'].forEach(function (event) {","            Array.from(document.querySelectorAll('.on' + event)).forEach(function (element) {","                element.addEventListener(event, local.testRunBrowser);","            });","        });","        // run tests","        local.testRunBrowser();","        break;","","","","    // run node js-env code - post-init","    /* istanbul ignore next */","    case 'node':","        // export local","        module.exports = local;","        // require modules","        local.fs = require('fs');","        local.http = require('http');","        local.url = require('url');","        // init assets","        local.assetsDict = local.assetsDict || {};","        /* jslint-ignore-begin */","        local.assetsDict['/assets.index.template.html'] = '\\","<!doctype html>\\n\\","<html lang=\"en\">\\n\\","<head>\\n\\","<meta charset=\"UTF-8\">\\n\\","<meta name=\"viewport\" content=\"width=device-width, initial-scale=1\">\\n\\","<title>{{env.npm_package_name}} (v{{env.npm_package_version}})</title>\\n\\","<style>\\n\\","/*csslint\\n\\","    box-sizing: false,\\n\\","    universal-selector: false\\n\\","*/\\n\\","* {\\n\\","    box-sizing: border-box;\\n\\","}\\n\\","body {\\n\\","    background: #dde;\\n\\","    font-family: Arial, Helvetica, sans-serif;\\n\\","    margin: 2rem;\\n\\","}\\n\\","body > * {\\n\\","    margin-bottom: 1rem;\\n\\","}\\n\\",".utility2FooterDiv {\\n\\","    margin-top: 20px;\\n\\","    text-align: center;\\n\\","}\\n\\","</style>\\n\\","<style>\\n\\","/*csslint\\n\\","*/\\n\\","textarea {\\n\\","    font-family: monospace;\\n\\","    height: 10rem;\\n\\","    width: 100%;\\n\\","}\\n\\","textarea[readonly] {\\n\\","    background: #ddd;\\n\\","}\\n\\","</style>\\n\\","</head>\\n\\","<body>\\n\\","<!-- utility2-comment\\n\\","<div id=\"ajaxProgressDiv1\" style=\"background: #d00; height: 2px; left: 0; margin: 0; padding: 0; position: fixed; top: 0; transition: background 0.5s, width 1.5s; width: 25%;\"></div>\\n\\","utility2-comment -->\\n\\","<h1>\\n\\","<!-- utility2-comment\\n\\","    <a\\n\\","        {{#if env.npm_package_homepage}}\\n\\","        href=\"{{env.npm_package_homepage}}\"\\n\\","        {{/if env.npm_package_homepage}}\\n\\","        target=\"_blank\"\\n\\","    >\\n\\","utility2-comment -->\\n\\","        {{env.npm_package_name}} (v{{env.npm_package_version}})\\n\\","<!-- utility2-comment\\n\\","    </a>\\n\\","utility2-comment -->\\n\\","</h1>\\n\\","<h3>{{env.npm_package_description}}</h3>\\n\\","<!-- utility2-comment\\n\\","<h4><a download href=\"assets.app.js\">download standalone app</a></h4>\\n\\","<button class=\"onclick onreset\" id=\"testRunButton1\">run internal test</button><br>\\n\\","<div id=\"testReportDiv1\" style=\"display: none;\"></div>\\n\\","utility2-comment -->\\n\\","\\n\\","\\n\\","\\n\\","<label>stderr and stdout</label>\\n\\","<textarea class=\"resettable\" id=\"outputTextareaStdout1\" readonly></textarea>\\n\\","<!-- utility2-comment\\n\\","{{#if isRollup}}\\n\\","<script src=\"assets.app.js\"></script>\\n\\","{{#unless isRollup}}\\n\\","utility2-comment -->\\n\\","<script src=\"assets.utility2.rollup.js\"></script>\\n\\","<script src=\"jsonp.utility2._stateInit?callback=window.utility2._stateInit\"></script>\\n\\","<script src=\"assets.npmtest_sylvester.rollup.js\"></script>\\n\\","<script src=\"assets.example.js\"></script>\\n\\","<script src=\"assets.test.js\"></script>\\n\\","<!-- utility2-comment\\n\\","{{/if isRollup}}\\n\\","utility2-comment -->\\n\\","<div class=\"utility2FooterDiv\">\\n\\","    [ this app was created with\\n\\","    <a href=\"https://github.com/kaizhu256/node-utility2\" target=\"_blank\">utility2</a>\\n\\","    ]\\n\\","</div>\\n\\","</body>\\n\\","</html>\\n\\","';","        /* jslint-ignore-end */","        if (local.templateRender) {","            local.assetsDict['/'] = local.templateRender(","                local.assetsDict['/assets.index.template.html'],","                {","                    env: local.objectSetDefault(local.env, {","                        npm_package_description: 'the greatest app in the world!',","                        npm_package_name: 'my-app',","                        npm_package_nameAlias: 'my_app',","                        npm_package_version: '0.0.1'","                    })","                }","            );","        } else {","            local.assetsDict['/'] = local.assetsDict['/assets.index.template.html']","                .replace((/\\{\\{env\\.(\\w+?)\\}\\}/g), function (match0, match1) {","                    // jslint-hack","                    String(match0);","                    switch (match1) {","                    case 'npm_package_description':","                        return 'the greatest app in the world!';","                    case 'npm_package_name':","                        return 'my-app';","                    case 'npm_package_nameAlias':","                        return 'my_app';","                    case 'npm_package_version':","                        return '0.0.1';","                    }","                });","        }","        // run the cli","        if (local.global.utility2_rollup || module !== require.main) {","            break;","        }","        local.assetsDict['/assets.example.js'] =","            local.assetsDict['/assets.example.js'] ||","            local.fs.readFileSync(__filename, 'utf8');","        // bug-workaround - long $npm_package_buildCustomOrg","        /* jslint-ignore-begin */","        local.assetsDict['/assets.npmtest_sylvester.rollup.js'] =","            local.assetsDict['/assets.npmtest_sylvester.rollup.js'] ||","            local.fs.readFileSync(","                local.npmtest_sylvester.__dirname + '/lib.npmtest_sylvester.js',","                'utf8'","            ).replace((/^#!/), '//');","        /* jslint-ignore-end */","        local.assetsDict['/favicon.ico'] = local.assetsDict['/favicon.ico'] || '';","        // if $npm_config_timeout_exit exists,","        // then exit this process after $npm_config_timeout_exit ms","        if (Number(process.env.npm_config_timeout_exit)) {","            setTimeout(process.exit, Number(process.env.npm_config_timeout_exit));","        }","        // start server","        if (local.global.utility2_serverHttp1) {","            break;","        }","        process.env.PORT = process.env.PORT || '8081';","        console.error('server starting on port ' + process.env.PORT);","        local.http.createServer(function (request, response) {","            request.urlParsed = local.url.parse(request.url);","            if (local.assetsDict[request.urlParsed.pathname] !== undefined) {","                response.end(local.assetsDict[request.urlParsed.pathname]);","                return;","            }","            response.statusCode = 404;","            response.end();","        }).listen(process.env.PORT);","        break;","    }","}());",""],"l":{"26":2,"28":2,"33":2,"35":2,"37":2,"38":2,"39":2,"44":1,"51":2,"55":2,"59":2,"61":2,"69":1,"70":2,"76":2,"79":2,"82":2,"83":2,"85":1,"89":2,"92":1,"93":1,"94":1,"96":1,"97":1,"100":1,"101":1,"103":1,"106":1,"108":2,"114":1,"116":1,"118":1,"123":1,"124":2,"125":2,"126":3,"127":3,"128":3,"129":3,"130":1,"133":3,"134":3,"139":3,"143":1,"144":3,"145":1,"149":1,"150":1,"158":1,"160":1,"161":1,"162":1,"164":1,"166":1,"258":1,"259":1,"271":1,"274":6,"275":6,"277":1,"279":2,"281":1,"283":2,"288":1,"289":1,"291":1,"296":1,"303":1,"306":1,"307":1,"310":1,"311":1,"313":1,"314":1,"315":1,"316":1,"317":1,"318":1,"319":1,"321":1,"322":1,"324":1}},"/home/travis/build/npmtest/node-npmtest-sylvester/node_modules/sylvester/lib/node-sylvester/index.js":{"path":"/home/travis/build/npmtest/node-npmtest-sylvester/node_modules/sylvester/lib/node-sylvester/index.js","s":{"1":1,"2":1,"3":1,"4":1,"5":1,"6":1,"7":1,"8":1,"9":1,"10":1},"b":{},"f":{},"fnMap":{},"statementMap":{"1":{"start":{"line":3,"column":0},"end":{"line":3,"column":37}},"2":{"start":{"line":4,"column":0},"end":{"line":4,"column":34}},"3":{"start":{"line":5,"column":0},"end":{"line":5,"column":37}},"4":{"start":{"line":6,"column":0},"end":{"line":6,"column":34}},"5":{"start":{"line":7,"column":0},"end":{"line":7,"column":33}},"6":{"start":{"line":8,"column":0},"end":{"line":8,"column":32}},"7":{"start":{"line":9,"column":0},"end":{"line":9,"column":35}},"8":{"start":{"line":10,"column":0},"end":{"line":10,"column":33}},"9":{"start":{"line":11,"column":0},"end":{"line":11,"column":49}},"10":{"start":{"line":12,"column":0},"end":{"line":12,"column":43}}},"branchMap":{},"code":["// Copyright (c) 2011, Chris Umbel","","exports.Vector = require('./vector');","global.$V = exports.Vector.create;","exports.Matrix = require('./matrix');","global.$M = exports.Matrix.create;","exports.Line = require('./line');","global.$L = exports.Line.create;","exports.Plane = require('./plane');","global.$P = exports.Plane.create;","exports.Line.Segment = require('./line.segment');","exports.Sylvester = require('./sylvester');",""],"l":{"3":1,"4":1,"5":1,"6":1,"7":1,"8":1,"9":1,"10":1,"11":1,"12":1}},"/home/travis/build/npmtest/node-npmtest-sylvester/node_modules/sylvester/lib/node-sylvester/vector.js":{"path":"/home/travis/build/npmtest/node-npmtest-sylvester/node_modules/sylvester/lib/node-sylvester/vector.js","s":{"1":1,"2":1,"3":1,"4":0,"5":0,"6":0,"7":0,"8":0,"9":0,"10":0,"11":0,"12":0,"13":3,"14":0,"15":0,"16":0,"17":0,"18":0,"19":0,"20":0,"21":0,"22":6,"23":0,"24":0,"25":0,"26":0,"27":0,"28":0,"29":0,"30":0,"31":0,"32":0,"33":0,"34":0,"35":0,"36":0,"37":0,"38":0,"39":0,"40":0,"41":0,"42":0,"43":0,"44":0,"45":0,"46":0,"47":0,"48":0,"49":0,"50":0,"51":0,"52":0,"53":0,"54":0,"55":0,"56":0,"57":0,"58":0,"59":0,"60":0,"61":0,"62":0,"63":0,"64":0,"65":0,"66":0,"67":0,"68":0,"69":0,"70":0,"71":0,"72":0,"73":0,"74":0,"75":0,"76":0,"77":0,"78":0,"79":0,"80":0,"81":0,"82":0,"83":0,"84":0,"85":0,"86":0,"87":0,"88":0,"89":0,"90":0,"91":0,"92":0,"93":0,"94":0,"95":0,"96":0,"97":0,"98":0,"99":0,"100":0,"101":0,"102":3,"103":3,"104":3,"105":0,"106":3,"107":9,"108":3,"109":0,"110":0,"111":0,"112":0,"113":0,"114":0,"115":0,"116":0,"117":0,"118":0,"119":0,"120":0,"121":0,"122":0,"123":0,"124":0,"125":0,"126":0,"127":0,"128":0,"129":0,"130":0,"131":0,"132":0,"133":0,"134":0,"135":0,"136":0,"137":0,"138":0,"139":0,"140":0,"141":0,"142":0,"143":0,"144":0,"145":0,"146":0,"147":0,"148":0,"149":0,"150":0,"151":0,"152":0,"153":0,"154":0,"155":0,"156":0,"157":0,"158":0,"159":0,"160":0,"161":0,"162":0,"163":0,"164":0,"165":0,"166":0,"167":0,"168":0,"169":0,"170":0,"171":0,"172":0,"173":0,"174":0,"175":0,"176":0,"177":0,"178":0,"179":0,"180":0,"181":0,"182":0,"183":0,"184":0,"185":0,"186":6,"187":6,"188":6,"189":0,"190":0,"191":0,"192":6,"193":0,"194":35,"195":35,"196":1,"197":35,"198":35,"199":1,"200":1,"201":1,"202":1,"203":0,"204":0,"205":0,"206":0,"207":1,"208":6,"209":6,"210":18,"211":6,"212":1,"213":6,"214":1,"215":0,"216":1,"217":0,"218":0,"219":1},"b":{"1":[0,0],"2":[0,0],"3":[0,0],"4":[0,0],"5":[0,0],"6":[0,0],"7":[0,0],"8":[0,0],"9":[0,0],"10":[0,0],"11":[0,0],"12":[0,0],"13":[0,0],"14":[0,0],"15":[0,0],"16":[0,0],"17":[0,0],"18":[0,0],"19":[0,0],"20":[3,0],"21":[0,3],"22":[0,0],"23":[0,0],"24":[0,0],"25":[0,0],"26":[0,0],"27":[0,0],"28":[0,0],"29":[0,0],"30":[0,0],"31":[0,0,0],"32":[0,0],"33":[0,0],"34":[0,0],"35":[0,0,0],"36":[0,0],"37":[0,0],"38":[0,0],"39":[0,0],"40":[0,0],"41":[0,0],"42":[0,0],"43":[0,0],"44":[0,0],"45":[6,0,0],"46":[35,23]},"f":{"1":35,"2":0,"3":0,"4":0,"5":0,"6":0,"7":3,"8":0,"9":6,"10":0,"11":0,"12":0,"13":0,"14":0,"15":0,"16":0,"17":0,"18":0,"19":0,"20":0,"21":0,"22":0,"23":0,"24":0,"25":0,"26":0,"27":0,"28":0,"29":0,"30":0,"31":0,"32":0,"33":0,"34":0,"35":0,"36":0,"37":0,"38":0,"39":0,"40":0,"41":3,"42":0,"43":0,"44":0,"45":0,"46":0,"47":0,"48":0,"49":0,"50":0,"51":0,"52":0,"53":0,"54":0,"55":0,"56":0,"57":0,"58":0,"59":6,"60":0,"61":35,"62":35,"63":0,"64":6,"65":6,"66":0,"67":0,"68":0},"fnMap":{"1":{"name":"Vector","line":9,"loc":{"start":{"line":9,"column":0},"end":{"line":9,"column":18}}},"2":{"name":"(anonymous_2)","line":12,"loc":{"start":{"line":12,"column":10},"end":{"line":12,"column":21}}},"3":{"name":"(anonymous_3)","line":24,"loc":{"start":{"line":24,"column":7},"end":{"line":24,"column":19}}},"4":{"name":"(anonymous_4)","line":29,"loc":{"start":{"line":29,"column":16},"end":{"line":29,"column":27}}},"5":{"name":"(anonymous_5)","line":34,"loc":{"start":{"line":34,"column":10},"end":{"line":34,"column":21}}},"6":{"name":"(anonymous_6)","line":39,"loc":{"start":{"line":39,"column":10},"end":{"line":39,"column":21}}},"7":{"name":"(anonymous_7)","line":44,"loc":{"start":{"line":44,"column":13},"end":{"line":44,"column":24}}},"8":{"name":"(anonymous_8)","line":49,"loc":{"start":{"line":49,"column":9},"end":{"line":49,"column":26}}},"9":{"name":"(anonymous_9)","line":60,"loc":{"start":{"line":60,"column":9},"end":{"line":60,"column":20}}},"10":{"name":"(anonymous_10)","line":65,"loc":{"start":{"line":65,"column":9},"end":{"line":65,"column":22}}},"11":{"name":"(anonymous_11)","line":67,"loc":{"start":{"line":67,"column":11},"end":{"line":67,"column":26}}},"12":{"name":"(anonymous_12)","line":74,"loc":{"start":{"line":74,"column":10},"end":{"line":74,"column":23}}},"13":{"name":"(anonymous_13)","line":82,"loc":{"start":{"line":82,"column":18},"end":{"line":82,"column":29}}},"14":{"name":"(anonymous_14)","line":85,"loc":{"start":{"line":85,"column":17},"end":{"line":85,"column":29}}},"15":{"name":"(anonymous_15)","line":89,"loc":{"start":{"line":89,"column":15},"end":{"line":89,"column":32}}},"16":{"name":"(anonymous_16)","line":95,"loc":{"start":{"line":95,"column":11},"end":{"line":95,"column":26}}},"17":{"name":"(anonymous_17)","line":109,"loc":{"start":{"line":109,"column":18},"end":{"line":109,"column":35}}},"18":{"name":"(anonymous_18)","line":115,"loc":{"start":{"line":115,"column":22},"end":{"line":115,"column":39}}},"19":{"name":"(anonymous_19)","line":121,"loc":{"start":{"line":121,"column":23},"end":{"line":121,"column":40}}},"20":{"name":"(anonymous_20)","line":127,"loc":{"start":{"line":127,"column":9},"end":{"line":127,"column":25}}},"21":{"name":"(anonymous_21)","line":131,"loc":{"start":{"line":131,"column":21},"end":{"line":131,"column":33}}},"22":{"name":"(anonymous_22)","line":133,"loc":{"start":{"line":133,"column":21},"end":{"line":133,"column":36}}},"23":{"name":"(anonymous_23)","line":137,"loc":{"start":{"line":137,"column":14},"end":{"line":137,"column":26}}},"24":{"name":"(anonymous_24)","line":139,"loc":{"start":{"line":139,"column":21},"end":{"line":139,"column":33}}},"25":{"name":"(anonymous_25)","line":143,"loc":{"start":{"line":143,"column":17},"end":{"line":143,"column":32}}},"26":{"name":"(anonymous_26)","line":147,"loc":{"start":{"line":147,"column":14},"end":{"line":147,"column":26}}},"27":{"name":"(anonymous_27)","line":148,"loc":{"start":{"line":148,"column":17},"end":{"line":148,"column":29}}},"28":{"name":"(anonymous_28)","line":151,"loc":{"start":{"line":151,"column":21},"end":{"line":151,"column":33}}},"29":{"name":"(anonymous_29)","line":152,"loc":{"start":{"line":152,"column":17},"end":{"line":152,"column":32}}},"30":{"name":"(anonymous_30)","line":157,"loc":{"start":{"line":157,"column":9},"end":{"line":157,"column":20}}},"31":{"name":"(anonymous_31)","line":159,"loc":{"start":{"line":159,"column":10},"end":{"line":159,"column":22}}},"32":{"name":"(anonymous_32)","line":163,"loc":{"start":{"line":163,"column":11},"end":{"line":163,"column":23}}},"33":{"name":"(anonymous_33)","line":173,"loc":{"start":{"line":173,"column":9},"end":{"line":173,"column":21}}},"34":{"name":"(anonymous_34)","line":183,"loc":{"start":{"line":183,"column":13},"end":{"line":183,"column":32}}},"35":{"name":"(anonymous_35)","line":193,"loc":{"start":{"line":193,"column":7},"end":{"line":193,"column":19}}},"36":{"name":"(anonymous_36)","line":195,"loc":{"start":{"line":195,"column":9},"end":{"line":195,"column":20}}},"37":{"name":"(anonymous_37)","line":199,"loc":{"start":{"line":199,"column":19},"end":{"line":199,"column":36}}},"38":{"name":"(anonymous_38)","line":200,"loc":{"start":{"line":200,"column":17},"end":{"line":200,"column":32}}},"39":{"name":"(anonymous_39)","line":205,"loc":{"start":{"line":205,"column":13},"end":{"line":205,"column":24}}},"40":{"name":"(anonymous_40)","line":208,"loc":{"start":{"line":208,"column":10},"end":{"line":208,"column":22}}},"41":{"name":"(anonymous_41)","line":217,"loc":{"start":{"line":217,"column":9},"end":{"line":217,"column":26}}},"42":{"name":"(anonymous_42)","line":227,"loc":{"start":{"line":227,"column":11},"end":{"line":227,"column":28}}},"43":{"name":"(anonymous_43)","line":239,"loc":{"start":{"line":239,"column":9},"end":{"line":239,"column":20}}},"44":{"name":"(anonymous_44)","line":248,"loc":{"start":{"line":248,"column":14},"end":{"line":248,"column":25}}},"45":{"name":"(anonymous_45)","line":264,"loc":{"start":{"line":264,"column":13},"end":{"line":264,"column":25}}},"46":{"name":"(anonymous_46)","line":275,"loc":{"start":{"line":275,"column":22},"end":{"line":275,"column":33}}},"47":{"name":"(anonymous_47)","line":280,"loc":{"start":{"line":280,"column":11},"end":{"line":280,"column":22}}},"48":{"name":"(anonymous_48)","line":281,"loc":{"start":{"line":281,"column":17},"end":{"line":281,"column":29}}},"49":{"name":"(anonymous_49)","line":285,"loc":{"start":{"line":285,"column":15},"end":{"line":285,"column":26}}},"50":{"name":"(anonymous_50)","line":297,"loc":{"start":{"line":297,"column":12},"end":{"line":297,"column":24}}},"51":{"name":"(anonymous_51)","line":298,"loc":{"start":{"line":298,"column":17},"end":{"line":298,"column":29}}},"52":{"name":"(anonymous_52)","line":304,"loc":{"start":{"line":304,"column":18},"end":{"line":304,"column":32}}},"53":{"name":"(anonymous_53)","line":309,"loc":{"start":{"line":309,"column":11},"end":{"line":309,"column":26}}},"54":{"name":"(anonymous_54)","line":317,"loc":{"start":{"line":317,"column":12},"end":{"line":317,"column":27}}},"55":{"name":"(anonymous_55)","line":322,"loc":{"start":{"line":322,"column":12},"end":{"line":322,"column":28}}},"56":{"name":"(anonymous_56)","line":328,"loc":{"start":{"line":328,"column":12},"end":{"line":328,"column":29}}},"57":{"name":"(anonymous_57)","line":362,"loc":{"start":{"line":362,"column":18},"end":{"line":362,"column":32}}},"58":{"name":"(anonymous_58)","line":372,"loc":{"start":{"line":372,"column":21},"end":{"line":372,"column":36}}},"59":{"name":"(anonymous_59)","line":377,"loc":{"start":{"line":377,"column":10},"end":{"line":377,"column":21}}},"60":{"name":"(anonymous_60)","line":388,"loc":{"start":{"line":388,"column":13},"end":{"line":388,"column":24}}},"61":{"name":"(anonymous_61)","line":393,"loc":{"start":{"line":393,"column":17},"end":{"line":393,"column":31}}},"62":{"name":"(anonymous_62)","line":400,"loc":{"start":{"line":400,"column":16},"end":{"line":400,"column":35}}},"63":{"name":"(anonymous_63)","line":411,"loc":{"start":{"line":411,"column":16},"end":{"line":411,"column":28}}},"64":{"name":"(anonymous_64)","line":417,"loc":{"start":{"line":417,"column":14},"end":{"line":417,"column":29}}},"65":{"name":"(anonymous_65)","line":424,"loc":{"start":{"line":424,"column":14},"end":{"line":424,"column":26}}},"66":{"name":"(anonymous_66)","line":428,"loc":{"start":{"line":428,"column":13},"end":{"line":428,"column":25}}},"67":{"name":"(anonymous_67)","line":432,"loc":{"start":{"line":432,"column":13},"end":{"line":432,"column":25}}},"68":{"name":"(anonymous_68)","line":433,"loc":{"start":{"line":433,"column":17},"end":{"line":433,"column":29}}}},"statementMap":{"1":{"start":{"line":6,"column":0},"end":{"line":7,"column":29}},"2":{"start":{"line":9,"column":0},"end":{"line":9,"column":20}},"3":{"start":{"line":10,"column":0},"end":{"line":397,"column":2}},"4":{"start":{"line":13,"column":1},"end":{"line":13,"column":30}},"5":{"start":{"line":14,"column":1},"end":{"line":14,"column":13}},"6":{"start":{"line":16,"column":1},"end":{"line":18,"column":2}},"7":{"start":{"line":17,"column":5},"end":{"line":17,"column":42}},"8":{"start":{"line":20,"column":1},"end":{"line":20,"column":23}},"9":{"start":{"line":25,"column":6},"end":{"line":25,"column":79}},"10":{"start":{"line":30,"column":6},"end":{"line":30,"column":51}},"11":{"start":{"line":35,"column":6},"end":{"line":35,"column":15}},"12":{"start":{"line":40,"column":6},"end":{"line":40,"column":34}},"13":{"start":{"line":45,"column":6},"end":{"line":45,"column":39}},"14":{"start":{"line":50,"column":5},"end":{"line":50,"column":34}},"15":{"start":{"line":51,"column":5},"end":{"line":51,"column":39}},"16":{"start":{"line":52,"column":5},"end":{"line":52,"column":41}},"17":{"start":{"line":52,"column":26},"end":{"line":52,"column":39}},"18":{"start":{"line":53,"column":5},"end":{"line":55,"column":6}},"19":{"start":{"line":54,"column":9},"end":{"line":54,"column":87}},"20":{"start":{"line":54,"column":72},"end":{"line":54,"column":85}},"21":{"start":{"line":56,"column":5},"end":{"line":56,"column":17}},"22":{"start":{"line":61,"column":5},"end":{"line":61,"column":41}},"23":{"start":{"line":66,"column":1},"end":{"line":66,"column":19}},"24":{"start":{"line":67,"column":1},"end":{"line":69,"column":4}},"25":{"start":{"line":68,"column":5},"end":{"line":68,"column":29}},"26":{"start":{"line":70,"column":1},"end":{"line":70,"column":32}},"27":{"start":{"line":75,"column":1},"end":{"line":75,"column":30}},"28":{"start":{"line":76,"column":1},"end":{"line":78,"column":2}},"29":{"start":{"line":77,"column":5},"end":{"line":77,"column":33}},"30":{"start":{"line":83,"column":1},"end":{"line":83,"column":24}},"31":{"start":{"line":84,"column":1},"end":{"line":84,"column":36}},"32":{"start":{"line":84,"column":16},"end":{"line":84,"column":34}},"33":{"start":{"line":85,"column":1},"end":{"line":85,"column":48}},"34":{"start":{"line":85,"column":31},"end":{"line":85,"column":44}},"35":{"start":{"line":90,"column":1},"end":{"line":90,"column":35}},"36":{"start":{"line":91,"column":1},"end":{"line":91,"column":40}},"37":{"start":{"line":92,"column":1},"end":{"line":92,"column":36}},"38":{"start":{"line":92,"column":22},"end":{"line":92,"column":34}},"39":{"start":{"line":93,"column":1},"end":{"line":93,"column":33}},"40":{"start":{"line":95,"column":1},"end":{"line":99,"column":4}},"41":{"start":{"line":96,"column":5},"end":{"line":96,"column":25}},"42":{"start":{"line":97,"column":5},"end":{"line":97,"column":19}},"43":{"start":{"line":98,"column":5},"end":{"line":98,"column":33}},"44":{"start":{"line":100,"column":1},"end":{"line":100,"column":24}},"45":{"start":{"line":100,"column":25},"end":{"line":100,"column":48}},"46":{"start":{"line":101,"column":1},"end":{"line":101,"column":40}},"47":{"start":{"line":101,"column":26},"end":{"line":101,"column":38}},"48":{"start":{"line":102,"column":1},"end":{"line":102,"column":33}},"49":{"start":{"line":103,"column":1},"end":{"line":103,"column":32}},"50":{"start":{"line":103,"column":19},"end":{"line":103,"column":30}},"51":{"start":{"line":104,"column":1},"end":{"line":104,"column":30}},"52":{"start":{"line":104,"column":18},"end":{"line":104,"column":28}},"53":{"start":{"line":105,"column":1},"end":{"line":105,"column":25}},"54":{"start":{"line":110,"column":1},"end":{"line":110,"column":36}},"55":{"start":{"line":111,"column":1},"end":{"line":111,"column":65}},"56":{"start":{"line":116,"column":1},"end":{"line":116,"column":36}},"57":{"start":{"line":117,"column":1},"end":{"line":117,"column":85}},"58":{"start":{"line":122,"column":1},"end":{"line":122,"column":28}},"59":{"start":{"line":123,"column":1},"end":{"line":123,"column":71}},"60":{"start":{"line":128,"column":1},"end":{"line":128,"column":33}},"61":{"start":{"line":130,"column":1},"end":{"line":133,"column":62}},"62":{"start":{"line":131,"column":5},"end":{"line":131,"column":55}},"63":{"start":{"line":131,"column":35},"end":{"line":131,"column":52}},"64":{"start":{"line":133,"column":5},"end":{"line":133,"column":62}},"65":{"start":{"line":133,"column":38},"end":{"line":133,"column":58}},"66":{"start":{"line":138,"column":1},"end":{"line":139,"column":52}},"67":{"start":{"line":139,"column":5},"end":{"line":139,"column":52}},"68":{"start":{"line":139,"column":35},"end":{"line":139,"column":48}},"69":{"start":{"line":141,"column":1},"end":{"line":141,"column":25}},"70":{"start":{"line":142,"column":1},"end":{"line":142,"column":55}},"71":{"start":{"line":142,"column":41},"end":{"line":142,"column":53}},"72":{"start":{"line":143,"column":1},"end":{"line":143,"column":58}},"73":{"start":{"line":143,"column":34},"end":{"line":143,"column":54}},"74":{"start":{"line":148,"column":1},"end":{"line":148,"column":48}},"75":{"start":{"line":148,"column":31},"end":{"line":148,"column":44}},"76":{"start":{"line":152,"column":1},"end":{"line":154,"column":4}},"77":{"start":{"line":153,"column":5},"end":{"line":153,"column":23}},"78":{"start":{"line":158,"column":1},"end":{"line":158,"column":13}},"79":{"start":{"line":159,"column":1},"end":{"line":159,"column":36}},"80":{"start":{"line":159,"column":24},"end":{"line":159,"column":33}},"81":{"start":{"line":160,"column":1},"end":{"line":160,"column":12}},"82":{"start":{"line":164,"column":1},"end":{"line":164,"column":19}},"83":{"start":{"line":166,"column":1},"end":{"line":168,"column":2}},"84":{"start":{"line":167,"column":5},"end":{"line":167,"column":37}},"85":{"start":{"line":170,"column":1},"end":{"line":170,"column":32}},"86":{"start":{"line":174,"column":1},"end":{"line":174,"column":19}},"87":{"start":{"line":176,"column":1},"end":{"line":178,"column":2}},"88":{"start":{"line":177,"column":5},"end":{"line":177,"column":37}},"89":{"start":{"line":180,"column":1},"end":{"line":180,"column":32}},"90":{"start":{"line":184,"column":1},"end":{"line":184,"column":33}},"91":{"start":{"line":186,"column":1},"end":{"line":188,"column":2}},"92":{"start":{"line":187,"column":5},"end":{"line":187,"column":35}},"93":{"start":{"line":190,"column":1},"end":{"line":190,"column":35}},"94":{"start":{"line":193,"column":21},"end":{"line":193,"column":45}},"95":{"start":{"line":196,"column":1},"end":{"line":196,"column":25}},"96":{"start":{"line":200,"column":1},"end":{"line":202,"column":4}},"97":{"start":{"line":201,"column":5},"end":{"line":201,"column":28}},"98":{"start":{"line":206,"column":1},"end":{"line":206,"column":11}},"99":{"start":{"line":208,"column":1},"end":{"line":210,"column":4}},"100":{"start":{"line":209,"column":5},"end":{"line":209,"column":12}},"101":{"start":{"line":212,"column":1},"end":{"line":212,"column":10}},"102":{"start":{"line":218,"column":1},"end":{"line":218,"column":35}},"103":{"start":{"line":219,"column":1},"end":{"line":219,"column":46}},"104":{"start":{"line":220,"column":1},"end":{"line":220,"column":36}},"105":{"start":{"line":220,"column":22},"end":{"line":220,"column":34}},"106":{"start":{"line":221,"column":1},"end":{"line":221,"column":52}},"107":{"start":{"line":221,"column":15},"end":{"line":221,"column":50}},"108":{"start":{"line":222,"column":1},"end":{"line":222,"column":16}},"109":{"start":{"line":228,"column":1},"end":{"line":228,"column":35}},"110":{"start":{"line":229,"column":1},"end":{"line":229,"column":65}},"111":{"start":{"line":229,"column":51},"end":{"line":229,"column":63}},"112":{"start":{"line":230,"column":1},"end":{"line":230,"column":23}},"113":{"start":{"line":231,"column":1},"end":{"line":235,"column":4}},"114":{"start":{"line":240,"column":1},"end":{"line":240,"column":37}},"115":{"start":{"line":241,"column":1},"end":{"line":243,"column":2}},"116":{"start":{"line":242,"column":5},"end":{"line":242,"column":76}},"117":{"start":{"line":242,"column":53},"end":{"line":242,"column":74}},"118":{"start":{"line":244,"column":1},"end":{"line":244,"column":10}},"119":{"start":{"line":249,"column":1},"end":{"line":249,"column":37}},"120":{"start":{"line":250,"column":1},"end":{"line":250,"column":19}},"121":{"start":{"line":252,"column":1},"end":{"line":257,"column":2}},"122":{"start":{"line":253,"column":5},"end":{"line":256,"column":6}},"123":{"start":{"line":254,"column":2},"end":{"line":254,"column":23}},"124":{"start":{"line":255,"column":2},"end":{"line":255,"column":19}},"125":{"start":{"line":259,"column":1},"end":{"line":259,"column":17}},"126":{"start":{"line":265,"column":1},"end":{"line":265,"column":44}},"127":{"start":{"line":266,"column":1},"end":{"line":270,"column":2}},"128":{"start":{"line":267,"column":5},"end":{"line":269,"column":6}},"129":{"start":{"line":268,"column":2},"end":{"line":268,"column":16}},"130":{"start":{"line":271,"column":1},"end":{"line":271,"column":14}},"131":{"start":{"line":276,"column":1},"end":{"line":276,"column":39}},"132":{"start":{"line":281,"column":1},"end":{"line":281,"column":56}},"133":{"start":{"line":281,"column":31},"end":{"line":281,"column":52}},"134":{"start":{"line":286,"column":1},"end":{"line":286,"column":33}},"135":{"start":{"line":287,"column":1},"end":{"line":287,"column":19}},"136":{"start":{"line":289,"column":1},"end":{"line":291,"column":2}},"137":{"start":{"line":290,"column":5},"end":{"line":290,"column":39}},"138":{"start":{"line":292,"column":1},"end":{"line":292,"column":32}},"139":{"start":{"line":298,"column":1},"end":{"line":300,"column":4}},"140":{"start":{"line":299,"column":5},"end":{"line":299,"column":61}},"141":{"start":{"line":305,"column":1},"end":{"line":305,"column":77}},"142":{"start":{"line":305,"column":45},"end":{"line":305,"column":75}},"143":{"start":{"line":306,"column":1},"end":{"line":306,"column":29}},"144":{"start":{"line":307,"column":1},"end":{"line":307,"column":55}},"145":{"start":{"line":307,"column":41},"end":{"line":307,"column":53}},"146":{"start":{"line":308,"column":1},"end":{"line":308,"column":19}},"147":{"start":{"line":309,"column":1},"end":{"line":312,"column":4}},"148":{"start":{"line":310,"column":5},"end":{"line":310,"column":25}},"149":{"start":{"line":311,"column":5},"end":{"line":311,"column":24}},"150":{"start":{"line":313,"column":1},"end":{"line":313,"column":23}},"151":{"start":{"line":318,"column":1},"end":{"line":318,"column":28}},"152":{"start":{"line":323,"column":1},"end":{"line":323,"column":29}},"153":{"start":{"line":329,"column":1},"end":{"line":329,"column":26}},"154":{"start":{"line":330,"column":1},"end":{"line":330,"column":39}},"155":{"start":{"line":330,"column":22},"end":{"line":330,"column":37}},"156":{"start":{"line":331,"column":1},"end":{"line":358,"column":2}},"157":{"start":{"line":333,"column":12},"end":{"line":333,"column":36}},"158":{"start":{"line":334,"column":12},"end":{"line":334,"column":47}},"159":{"start":{"line":334,"column":33},"end":{"line":334,"column":45}},"160":{"start":{"line":335,"column":12},"end":{"line":335,"column":56}},"161":{"start":{"line":335,"column":22},"end":{"line":335,"column":54}},"162":{"start":{"line":336,"column":12},"end":{"line":336,"column":40}},"163":{"start":{"line":337,"column":12},"end":{"line":337,"column":40}},"164":{"start":{"line":338,"column":12},"end":{"line":341,"column":15}},"165":{"start":{"line":342,"column":12},"end":{"line":342,"column":18}},"166":{"start":{"line":344,"column":12},"end":{"line":344,"column":48}},"167":{"start":{"line":344,"column":34},"end":{"line":344,"column":46}},"168":{"start":{"line":345,"column":12},"end":{"line":345,"column":54}},"169":{"start":{"line":346,"column":12},"end":{"line":346,"column":71}},"170":{"start":{"line":346,"column":22},"end":{"line":346,"column":69}},"171":{"start":{"line":347,"column":12},"end":{"line":347,"column":40}},"172":{"start":{"line":348,"column":12},"end":{"line":348,"column":40}},"173":{"start":{"line":349,"column":12},"end":{"line":349,"column":40}},"174":{"start":{"line":350,"column":12},"end":{"line":354,"column":15}},"175":{"start":{"line":355,"column":12},"end":{"line":355,"column":18}},"176":{"start":{"line":357,"column":12},"end":{"line":357,"column":24}},"177":{"start":{"line":363,"column":1},"end":{"line":373,"column":2}},"178":{"start":{"line":365,"column":5},"end":{"line":365,"column":35}},"179":{"start":{"line":366,"column":5},"end":{"line":366,"column":44}},"180":{"start":{"line":367,"column":5},"end":{"line":367,"column":101}},"181":{"start":{"line":370,"column":5},"end":{"line":370,"column":33}},"182":{"start":{"line":371,"column":5},"end":{"line":371,"column":59}},"183":{"start":{"line":371,"column":45},"end":{"line":371,"column":57}},"184":{"start":{"line":372,"column":5},"end":{"line":372,"column":75}},"185":{"start":{"line":372,"column":38},"end":{"line":372,"column":71}},"186":{"start":{"line":378,"column":1},"end":{"line":378,"column":20}},"187":{"start":{"line":379,"column":1},"end":{"line":383,"column":2}},"188":{"start":{"line":380,"column":9},"end":{"line":380,"column":15}},"189":{"start":{"line":381,"column":9},"end":{"line":381,"column":28}},"190":{"start":{"line":381,"column":29},"end":{"line":381,"column":35}},"191":{"start":{"line":382,"column":10},"end":{"line":382,"column":22}},"192":{"start":{"line":384,"column":1},"end":{"line":384,"column":10}},"193":{"start":{"line":389,"column":1},"end":{"line":389,"column":45}},"194":{"start":{"line":394,"column":1},"end":{"line":394,"column":47}},"195":{"start":{"line":395,"column":1},"end":{"line":395,"column":13}},"196":{"start":{"line":400,"column":0},"end":{"line":403,"column":2}},"197":{"start":{"line":401,"column":4},"end":{"line":401,"column":25}},"198":{"start":{"line":402,"column":4},"end":{"line":402,"column":35}},"199":{"start":{"line":406,"column":0},"end":{"line":406,"column":36}},"200":{"start":{"line":407,"column":0},"end":{"line":407,"column":36}},"201":{"start":{"line":408,"column":0},"end":{"line":408,"column":36}},"202":{"start":{"line":411,"column":0},"end":{"line":415,"column":2}},"203":{"start":{"line":412,"column":4},"end":{"line":412,"column":22}},"204":{"start":{"line":413,"column":4},"end":{"line":413,"column":49}},"205":{"start":{"line":413,"column":18},"end":{"line":413,"column":47}},"206":{"start":{"line":414,"column":4},"end":{"line":414,"column":35}},"207":{"start":{"line":417,"column":0},"end":{"line":421,"column":2}},"208":{"start":{"line":418,"column":4},"end":{"line":418,"column":22}},"209":{"start":{"line":419,"column":4},"end":{"line":419,"column":37}},"210":{"start":{"line":419,"column":18},"end":{"line":419,"column":35}},"211":{"start":{"line":420,"column":4},"end":{"line":420,"column":35}},"212":{"start":{"line":424,"column":0},"end":{"line":426,"column":2}},"213":{"start":{"line":425,"column":4},"end":{"line":425,"column":29}},"214":{"start":{"line":428,"column":0},"end":{"line":430,"column":2}},"215":{"start":{"line":429,"column":4},"end":{"line":429,"column":29}},"216":{"start":{"line":432,"column":0},"end":{"line":436,"column":2}},"217":{"start":{"line":433,"column":4},"end":{"line":435,"column":7}},"218":{"start":{"line":434,"column":1},"end":{"line":434,"column":20}},"219":{"start":{"line":438,"column":0},"end":{"line":438,"column":24}}},"branchMap":{"1":{"line":25,"type":"cond-expr","locations":[{"start":{"line":25,"column":51},"end":{"line":25,"column":55}},{"start":{"line":25,"column":58},"end":{"line":25,"column":78}}]},"2":{"line":25,"type":"binary-expr","locations":[{"start":{"line":25,"column":14},"end":{"line":25,"column":19}},{"start":{"line":25,"column":23},"end":{"line":25,"column":47}}]},"3":{"line":51,"type":"binary-expr","locations":[{"start":{"line":51,"column":13},"end":{"line":51,"column":28}},{"start":{"line":51,"column":32},"end":{"line":51,"column":38}}]},"4":{"line":52,"type":"if","locations":[{"start":{"line":52,"column":5},"end":{"line":52,"column":5}},{"start":{"line":52,"column":5},"end":{"line":52,"column":5}}]},"5":{"line":54,"type":"if","locations":[{"start":{"line":54,"column":9},"end":{"line":54,"column":9}},{"start":{"line":54,"column":9},"end":{"line":54,"column":9}}]},"6":{"line":84,"type":"if","locations":[{"start":{"line":84,"column":1},"end":{"line":84,"column":1}},{"start":{"line":84,"column":1},"end":{"line":84,"column":1}}]},"7":{"line":90,"type":"binary-expr","locations":[{"start":{"line":90,"column":9},"end":{"line":90,"column":24}},{"start":{"line":90,"column":28},"end":{"line":90,"column":34}}]},"8":{"line":92,"type":"if","locations":[{"start":{"line":92,"column":1},"end":{"line":92,"column":1}},{"start":{"line":92,"column":1},"end":{"line":92,"column":1}}]},"9":{"line":101,"type":"if","locations":[{"start":{"line":101,"column":1},"end":{"line":101,"column":1}},{"start":{"line":101,"column":1},"end":{"line":101,"column":1}}]},"10":{"line":103,"type":"if","locations":[{"start":{"line":103,"column":1},"end":{"line":103,"column":1}},{"start":{"line":103,"column":1},"end":{"line":103,"column":1}}]},"11":{"line":104,"type":"if","locations":[{"start":{"line":104,"column":1},"end":{"line":104,"column":1}},{"start":{"line":104,"column":1},"end":{"line":104,"column":1}}]},"12":{"line":111,"type":"cond-expr","locations":[{"start":{"line":111,"column":27},"end":{"line":111,"column":31}},{"start":{"line":111,"column":35},"end":{"line":111,"column":63}}]},"13":{"line":117,"type":"cond-expr","locations":[{"start":{"line":117,"column":27},"end":{"line":117,"column":31}},{"start":{"line":117,"column":35},"end":{"line":117,"column":83}}]},"14":{"line":123,"type":"cond-expr","locations":[{"start":{"line":123,"column":25},"end":{"line":123,"column":29}},{"start":{"line":123,"column":33},"end":{"line":123,"column":69}}]},"15":{"line":128,"type":"binary-expr","locations":[{"start":{"l
[...]
,"  // and Polygon.scale transformation methods.","  updateTrianglePlanes: function(fn) {","    var i;","    if (this.cached.triangles !== null) {","      i = this.cached.triangles.length;","      while (i--) {","        this.cached.triangles[i].plane = fn(this.cached.triangles[i].plane);","      }","    }","    if (this.cached.surfaceIntegralElements !== null) {","      i = this.cached.surfaceIntegralElements.length;","      while (i--) {","        this.cached.surfaceIntegralElements[i].plane = fn(this.cached.surfaceIntegralElements[i].plane);","      }","    }","  },","","  // Returns true iff the polygon is a triangle","  isTriangle: function() {","    return this.vertices.length == 3;","  },","","  // Returns a collection of triangles used for calculating area and center of mass.","  // Some of the triangles will not lie inside the polygon - this collection is essentially","  // a series of itervals in a surface integral, so some are 'negative'. If you want the","  // polygon broken into constituent triangles, use toTriangles(). This method is used","  // because it's much faster than toTriangles().","  // The triangles generated share vertices with the original polygon, so they transform","  // with the polygon. They are cached after first calculation and should remain in sync","  // with changes to the parent polygon.","  trianglesForSurfaceIntegral: function() {","    if (this.cached.surfaceIntegralElements !== null) { return this.cached.surfaceIntegralElements; }","    var triangles = [];","    var firstVertex = this.vertices.first.data;","    var plane = this.plane;","    this.vertices.each(function(node, i) {","      if (i < 2) { return; }","      var points = [firstVertex, node.prev.data, node.data];","      // If the vertices lie on a straigh line, give the polygon's own plane. If the","      // element has no area, it doesn't matter which way its normal faces.","      triangles.push(Polygon.create(points, Plane.fromPoints(points) || plane));","    });","    return this.setCache('surfaceIntegralElements', triangles);","  },","","  // Returns the area of the polygon. Requires that the polygon","  // be converted to triangles, so use with caution.","  area: function() {","    if (this.isTriangle()) {","      // Area is half the modulus of the cross product of two sides","      var A = this.vertices.first, B = A.next, C = B.next;","      A = A.data.elements; B = B.data.elements; C = C.data.elements;","      return 0.5 * Vector.create([","        (A[1] - B[1]) * (C[2] - B[2]) - (A[2] - B[2]) * (C[1] - B[1]),","        (A[2] - B[2]) * (C[0] - B[0]) - (A[0] - B[0]) * (C[2] - B[2]),","        (A[0] - B[0]) * (C[1] - B[1]) - (A[1] - B[1]) * (C[0] - B[0])","      ]).modulus();","    } else {","      var trigs = this.trianglesForSurfaceIntegral(), area = 0;","      var i = trigs.length;","      while (i--) {","        area += trigs[i].area() * trigs[i].plane.normal.dot(this.plane.normal);","      }","      return area;","    }","  },","","  // Returns the centroid of the polygon. Requires division into","  // triangles - use with caution","  centroid: function() {","    if (this.isTriangle()) {","      var A = this.v(1).elements, B = this.v(2).elements, C = this.v(3).elements;","      return Vector.create([(A[0] + B[0] + C[0])/3, (A[1] + B[1] + C[1])/3, (A[2] + B[2] + C[2])/3]);","    } else {","      var A, M = 0, V = Vector.Zero(3), P, C, trigs = this.trianglesForSurfaceIntegral();","      var i = trigs.length;","      while (i--) {","        A = trigs[i].area() * trigs[i].plane.normal.dot(this.plane.normal);","        M += A;","        P = V.elements;","        C = trigs[i].centroid().elements;","        V.setElements([P[0] + C[0] * A, P[1] + C[1] * A, P[2] + C[2] * A]);","      }","      return V.x(1/M);","    }","  },","","  // Returns the polygon's projection on the given plane as another polygon","  projectionOn: function(plane) {","    var points = [];","    this.vertices.each(function(node) { points.push(plane.pointClosestTo(node.data)); });","    return Polygon.create(points);","  },","","  // Removes the given vertex from the polygon as long as it's not triangular.","  removeVertex: function(vertex) {","    if (this.isTriangle()) { return; }","    var node = this.nodeFor(vertex);","    if (node === null) { return null; }","    this.clearCache();","    // Previous and next entries in the main vertex list","    var prev = node.prev, next = node.next;","    var prevWasConvex = prev.data.isConvex(this);","    var nextWasConvex = next.data.isConvex(this);","    if (node.data.isConvex(this)) {","      this.convexVertices.remove(this.convexVertices.withData(node.data));","    } else {","      this.reflexVertices.remove(this.reflexVertices.withData(node.data));","    }","    this.vertices.remove(node);","    // Deal with previous vertex's change of class","    if (prevWasConvex != prev.data.isConvex(this)) {","      if (prevWasConvex) {","        this.convexVertices.remove(this.convexVertices.withData(prev.data));","        this.reflexVertices.append(new LinkedList.Node(prev.data));","      } else {","        this.reflexVertices.remove(this.reflexVertices.withData(prev.data));","        this.convexVertices.append(new LinkedList.Node(prev.data));","      }","    }","    // Deal with next vertex's change of class","    if (nextWasConvex != next.data.isConvex(this)) {","      if (nextWasConvex) {","        this.convexVertices.remove(this.convexVertices.withData(next.data));","        this.reflexVertices.append(new LinkedList.Node(next.data));","      } else {","        this.reflexVertices.remove(this.reflexVertices.withData(next.data));","        this.convexVertices.append(new LinkedList.Node(next.data));","      }","    }","    return this;","  },","","  // Returns true iff the point is strictly inside the polygon","  contains: function(point) {","    return this.containsByWindingNumber(point);","  },","","  // Returns true iff the given point is strictly inside the polygon using the winding number method","  containsByWindingNumber: function(point) {","    var P = point.elements || point;","    if (!this.plane.contains(P)) { return false; }","    if (this.hasEdgeContaining(P)) { return false; }","    var V, W, A, B, theta = 0, dt, loops = 0, self = this;","    this.vertices.each(function(node) {","      V = node.data.elements;","      W = node.next.data.elements;","      A = Vector.create([V[0] - P[0], V[1] - P[1], V[2] - (P[2] || 0)]);","      B = Vector.create([W[0] - P[0], W[1] - P[1], W[2] - (P[2] || 0)]);","      dt = A.angleFrom(B);","      if (dt === null || dt === 0) { return; }","      theta += (A.cross(B).isParallelTo(self.plane.normal) ? 1 : -1) * dt;","      if (theta >= 2 * Math.PI - Sylvester.precision) { loops++; theta -= 2 * Math.PI; }","      if (theta <= -2 * Math.PI + Sylvester.precision) { loops--; theta += 2 * Math.PI; }","    });","    return loops != 0;","  },","","  // Returns true if the given point lies on an edge of the polygon","  // May cause problems with 'hole-joining' edges","  hasEdgeContaining: function(point) {","    var P = (point.elements || point);","    var success = false;","    this.vertices.each(function(node) {","      if (Line.Segment.create(node.data, node.next.data).contains(P)) { success = true; }","    });","    return success;","  },","","  // Returns an array of 3-vertex polygons that the original has been split into","  // Stores the first calculation for faster retrieval later on","  toTriangles: function() {","    if (this.cached.triangles !== null) { return this.cached.triangles; }","    return this.setCache('triangles', this.triangulateByEarClipping());","  },","","  // Implementation of ear clipping algorithm","  // Found in 'Triangulation by ear clipping', by David Eberly","  // at http://www.geometrictools.com","  // This will not deal with overlapping sections - contruct your polygons sensibly","  triangulateByEarClipping: function() {","    var poly = this.dup(), triangles = [], success, convexNode, mainNode, trig;","    while (!poly.isTriangle()) {","      success = false;","      while (!success) {","        success = true;","        // Ear tips must be convex vertices - let's pick one at random","        convexNode = poly.convexVertices.randomNode();","        mainNode = poly.vertices.withData(convexNode.data);","        // For convex vertices, this order will always be anticlockwise","        trig = Polygon.create([mainNode.data, mainNode.next.data, mainNode.prev.data], this.plane);","        // Now test whether any reflex vertices lie within the ear","        poly.reflexVertices.each(function(node) {","          // Don't test points belonging to this triangle. node won't be","          // equal to convexNode as node is reflex and vertex is convex.","          if (node.data != mainNode.prev.data && node.data != mainNode.next.data) {","            if (trig.contains(node.data) || trig.hasEdgeContaining(node.data)) { success = false; }","          }","        });","      }","      triangles.push(trig);","      poly.removeVertex(mainNode.data);","    }","    // Need to do this to renumber the remaining vertices","    triangles.push(Polygon.create(poly.vertices, this.plane));","    return triangles;","  },","","  // Sets the polygon's vertices","  setVertices: function(points, plane) {","    var pointSet = points.toArray ? points.toArray() : points;","    this.plane = (plane && plane.normal) ? plane.dup() : Plane.fromPoints(pointSet);","    if (this.plane === null) { return null; }","    this.vertices = new LinkedList.Circular();","    // Construct linked list of vertices. If each point is already a polygon","    // vertex, we reference it rather than creating a new vertex.","    var i = pointSet.length, newVertex;","    while (i--) {","      newVertex = pointSet[i].isConvex ? pointSet[i] : new Polygon.Vertex(pointSet[i]);","      this.vertices.prepend(new LinkedList.Node(newVertex));","    }","    this.clearCache();","    this.populateVertexTypeLists();","    return this;","  },","","  // Constructs lists of convex and reflex vertices based on the main vertex list.","  populateVertexTypeLists: function() {","    this.convexVertices = new LinkedList.Circular();","    this.reflexVertices = new LinkedList.Circular();","    var self = this;","    this.vertices.each(function(node) {","      // Split vertices into convex / reflex groups","      // The LinkedList.Node class wraps each vertex so it can belong to many linked lists.","      self[node.data.type(self) + 'Vertices'].append(new LinkedList.Node(node.data));","    });","  },","","  // Gives the polygon its own local set of vertex points, allowing it to be","  // transformed independently of polygons it may be sharing vertices with.","  copyVertices: function() {","    this.clearCache();","    this.vertices.each(function(node) {","      node.data = new Polygon.Vertex(node.data);","    });","    this.populateVertexTypeLists();","  },","","  // Clear any cached properties","  clearCache: function() {","    this.cached = {","      triangles: null,","      surfaceIntegralElements: null","    };","  },","","  // Set cached value and return the value","  setCache: function(key, value) {","    this.cached[key] = value;","    return value;","  },","","  // Returns a string representation of the polygon's vertices.","  inspect: function() {","    var points = [];","    this.vertices.each(function(node) { points.push(node.data.inspect()); });","    return points.join(' -> ');","  }","};","","// Constructor function","Polygon.create = function(points, plane) {","  var P = new Polygon();","  return P.setVertices(points, plane);","};","","module.exports = Polygon;",""],"l":{"4":1,"6":1,"7":1,"11":0,"16":0,"24":0,"29":0,"30":0,"31":0,"32":0,"34":0,"35":0,"36":0,"41":0,"42":0,"43":0,"45":0,"46":0,"47":0,"52":0,"53":0,"54":0,"55":0,"61":0,"62":0,"63":0,"64":0,"76":0,"77":0,"78":0,"79":0,"80":0,"83":0,"84":0,"85":0,"86":0,"93":0,"105":0,"106":0,"107":0,"108":0,"109":0,"110":0,"111":0,"114":0,"116":0,"122":0,"124":0,"125":0,"126":0,"132":0,"133":0,"134":0,"135":0,"137":0,"144":0,"145":0,"146":0,"148":0,"149":0,"150":0,"151":0,"152":0,"153":0,"154":0,"155":0,"157":0,"163":0,"164":0,"165":0,"170":0,"171":0,"172":0,"173":0,"175":0,"176":0,"177":0,"178":0,"179":0,"181":0,"183":0,"185":0,"186":0,"187":0,"188":0,"190":0,"191":0,"195":0,"196":0,"197":0,"198":0,"200":0,"201":0,"204":0,"209":0,"214":0,"215":0,"216":0,"217":0,"218":0,"219":0,"220":0,"221":0,"222":0,"223":0,"224":0,"225":0,"226":0,"227":0,"229":0,"235":0,"236":0,"237":0,"238":0,"240":0,"246":0,"247":0,"255":0,"256":0,"257":0,"258":0,"259":0,"261":0,"262":0,"264":0,"266":0,"269":0,"270":0,"274":0,"275":0,"278":0,"279":0,"284":0,"285":0,"286":0,"287":0,"290":0,"291":0,"292":0,"293":0,"295":0,"296":0,"297":0,"302":0,"303":0,"304":0,"305":0,"308":0,"315":0,"316":0,"317":0,"319":0,"324":0,"332":0,"333":0,"338":0,"339":0,"340":0,"345":1,"346":0,"347":0,"350":1}},"/home/travis/build/npmtest/node-npmtest-sylvester/node_modules/sylvester/lib/node-sylvester/polygon.vertex.js":{"path":"/home/travis/build/npmtest/node-npmtest-sylvester/node_modules/sylvester/lib/node-sylvester/polygon.vertex.js","s":{"1":2,"2":2,"3":0,"4":0,"5":0,"6":0,"7":0,"8":0,"9":0,"10":0,"11":0,"12":0,"13":0,"14":0,"15":0,"16":0,"17":0,"18":0,"19":0,"20":0,"21":0,"22":0,"23":0,"24":0,"25":0,"26":0,"27":0,"28":0,"29":0,"30":0,"31":0,"32":0,"33":0,"34":0},"b":{"1":[0,0],"2":[0,0],"3":[0,0],"4":[0,0],"5":[0,0],"6":[0,0],"7":[0,0],"8":[0,0],"9":[0,0]},"f":{"1":0,"2":0,"3":0,"4":0,"5":0},"fnMap":{"1":{"name":"(anonymous_1)","line":6,"loc":{"start":{"line":6,"column":17},"end":{"line":6,"column":33}}},"2":{"name":"(anonymous_2)","line":16,"loc":{"start":{"line":16,"column":36},"end":{"line":16,"column":54}}},"3":{"name":"(anonymous_3)","line":28,"loc":{"start":{"line":28,"column":36},"end":{"line":28,"column":54}}},"4":{"name":"(anonymous_4)","line":32,"loc":{"start":{"line":32,"column":32},"end":{"line":32,"column":50}}},"5":{"name":"(anonymous_5)","line":38,"loc":{"start":{"line":38,"column":25},"end":{"line":38,"column":42}}}},"statementMap":{"1":{"start":{"line":4,"column":0},"end":{"line":4,"column":39}},"2":{"start":{"line":6,"column":0},"end":{"line":10,"column":2}},"3":{"start":{"line":7,"column":2},"end":{"line":7,"column":26}},"4":{"start":{"line":8,"column":2},"end":{"line":8,"column":59}},"5":{"start":{"line":8,"column":35},"end":{"line":8,"column":57}},"6":{"start":{"line":9,"column":2},"end":{"line":9,"column":49}},"7":{"start":{"line":9,"column":35},"end":{"line":9,"column":47}},"8":{"start":{"line":11,"column":0},"end":{"line":11,"column":38}},"9":{"start":{"line":16,"column":0},"end":{"line":26,"column":2}},"10":{"start":{"line":17,"column":2},"end":{"line":17,"column":35}},"11":{"start":{"line":18,"column":2},"end":{"line":18,"column":37}},"12":{"start":{"line":18,"column":23},"end":{"line":18,"column":35}},"13":{"start":{"line":19,"column":2},"end":{"line":19,"column":51}},"14":{"start":{"line":20,"column":2},"end":{"line":20,"column":30}},"15":{"start":{"line":21,"column":2},"end":{"line":21,"column":30}},"16":{"start":{"line":22,"column":2},"end":{"line":22,"column":29}},"17":{"start":{"line":23,"column":2},"end":{"line":23,"column":52}},"18":{"start":{"line":23,"column":38},"end":{"line":23,"column":50}},"19":{"start":{"line":24,"column":2},"end":{"line":24,"column":73}},"20":{"start":{"line":24,"column":58},"end":{"line":24,"column":71}},"21":{"start":{"line":25,"column":2},"end":{"line":25,"column":52}},"22":{"start":{"line":28,"column":0},"end":{"line":31,"column":2}},"23":{"start":{"line":29,"column":2},"end":{"line":29,"column":38}},"24":{"start":{"line":30,"column":2},"end":{"line":30,"column":44}},"25":{"start":{"line":32,"column":0},"end":{"line":35,"column":2}},"26":{"start":{"line":33,"column":2},"end":{"line":33,"column":38}},"27":{"start":{"line":34,"column":2},"end":{"line":34,"column":67}},"28":{"start":{"line":38,"column":0},"end":{"line":45,"column":2}},"29":{"start":{"line":39,"column":2},"end":{"line":39,"column":60}},"30":{"start":{"line":40,"column":2},"end":{"line":40,"column":37}},"31":{"start":{"line":41,"column":2},"end":{"line":43,"column":3}},"32":{"start":{"line":42,"column":4},"end":{"line":42,"column":47}},"33":{"start":{"line":44,"column":2},"end":{"line":44,"column":14}},"34":{"start":{"line":47,"column":0},"end":{"line":47,"column":32}}},"branchMap":{"1":{"line":8,"type":"if","locations":[{"start":{"line":8,"column":2},"end":{"line":8,"column":2}},{"start":{"line":8,"column":2},"end":{"line":8,"column":2}}]},"2":{"line":9,"type":"if","locations":[{"start":{"line":9,"column":2},"end":{"line":9,"column":2}},{"start":{"line":9,"column":2},"end":{"line":9,"column":2}}]},"3":{"line":18,"type":"if","locations":[{"start":{"line":18,"column":2},"end":{"line":18,"column":2}},{"start":{"line":18,"column":2},"end":{"line":18,"column":2}}]},"4":{"line":23,"type":"if","locations":[{"start":{"line":23,"column":2},"end":{"line":23,"column":2}},{"start":{"line":23,"column":2},"end":{"line":23,"column":2}}]},"5":{"line":24,"type":"if","locations":[{"start":{"line":24,"column":2},"end":{"line":24,"column":2}},{"start":{"line":24,"column":2},"end":{"line":24,"column":2}}]},"6":{"line":30,"type":"cond-expr","locations":[{"start":{"line":30,"column":29},"end":{"line":30,"column":33}},{"start":{"line":30,"column":36},"end":{"line":30,"column":43}}]},"7":{"line":34,"type":"cond-expr","locations":[{"start":{"line":34,"column":29},"end":{"line":34,"column":33}},{"start":{"line":34,"column":37},"end":{"line":34,"column":65}}]},"8":{"line":34,"type":"cond-expr","locations":[{"start":{"line":34,"column":46},"end":{"line":34,"column":54}},{"start":{"line":34,"column":57},"end":{"line":34,"column":65}}]},"9":{"line":39,"type":"cond-expr","locations":[{"start":{"line":39,"column":34},"end":{"line":39,"column":50}},{"start":{"line":39,"column":53},"end":{"line":39,"column":59}}]}},"code":["// Copyright (c) 2011, Chris Umbel, James Coglan","// Polygon.Vertex class - required for Polygon class.","","var Sylvester = require('./sylvester');","","Polygon.Vertex = function(point) {","  this.setElements(point);","  if (this.elements.length == 2) { this.elements.push(0); }","  if (this.elements.length != 3) { return null; }","};","Polygon.Vertex.prototype = new Vector;","","// Returns true iff the vertex's internal angle is 0 <= x < 180","// in the context of the given polygon object. Returns null if the","// vertex does not exist in the polygon.","Polygon.Vertex.prototype.isConvex = function(polygon) {","  var node = polygon.nodeFor(this);","  if (node === null) { return null; }","  var prev = node.prev.data, next = node.next.data;","  var A = next.subtract(this);","  var B = prev.subtract(this);","  var theta = A.angleFrom(B);","  if (theta <= Sylvester.precision) { return true; }","  if (Math.abs(theta - Math.PI) <= Sylvester.precision) { return false; }","  return (A.cross(B).dot(polygon.plane.normal) > 0);","};","// Returns true iff the vertex's internal angle is 180 <= x < 360","Polygon.Vertex.prototype.isReflex = function(polygon) {","  var result = this.isConvex(polygon);","  return (result === null) ? null : !result;","};","Polygon.Vertex.prototype.type = function(polygon) {","  var result = this.isConvex(polygon);","  return (result === null) ? null : (result ? 'convex' : 'reflex');","};","","// Method for converting a set of arrays/vectors/whatever to a set of Polygon.Vertex objects","Polygon.Vertex.convert = function(points) {","  var pointSet = points.toArray ? points.toArray() : points;","  var list = [], n = pointSet.length;","  for (var i = 0; i < n; i++) {","    list.push(new Polygon.Vertex(pointSet[i]));","  }","  return list;","};","","module.exports = Polygon.Vertex;",""],"l":{"4":2,"6":2,"7":0,"8":0,"9":0,"11":0,"16":0,"17":0,"18":0,"19":0,"20":0,"21":0,"22":0,"23":0,"24":0,"25":0,"28":0,"29":0,"30":0,"32":0,"33":0,"34":0,"38":0,"39":0,"40":0,"41":0,"42":0,"44":0,"47":0}}}